08 Apr 2025 - 22:11:47.675 [main] INFO  api.giybat.uz.Application - Starting Application using Java 17.0.12 with PID 7592 (D:\JavaProject\Giybat_project\api.giybat.uz\target\classes started by Xojiakbar in D:\JavaProject\Giybat_project\api.giybat.uz)
08 Apr 2025 - 22:11:47.710 [main] INFO  api.giybat.uz.Application - The following 1 profile is active: "local"
08 Apr 2025 - 22:11:48.992 [main] INFO  o.s.d.r.c.RepositoryConfigurationDelegate - Bootstrapping Spring Data JPA repositories in DEFAULT mode.
08 Apr 2025 - 22:11:49.088 [main] INFO  o.s.d.r.c.RepositoryConfigurationDelegate - Finished Spring Data repository scanning in 81 ms. Found 6 JPA repository interfaces.
08 Apr 2025 - 22:11:49.728 [main] INFO  o.s.b.w.e.tomcat.TomcatWebServer - Tomcat initialized with port 8080 (http)
08 Apr 2025 - 22:11:49.741 [main] INFO  o.a.catalina.core.StandardService - Starting service [Tomcat]
08 Apr 2025 - 22:11:49.741 [main] INFO  o.a.catalina.core.StandardEngine - Starting Servlet engine: [Apache Tomcat/10.1.26]
08 Apr 2025 - 22:11:49.806 [main] INFO  o.a.c.c.C.[Tomcat].[localhost].[/] - Initializing Spring embedded WebApplicationContext
08 Apr 2025 - 22:11:49.806 [main] INFO  o.s.b.w.s.c.ServletWebServerApplicationContext - Root WebApplicationContext: initialization completed in 2022 ms
08 Apr 2025 - 22:11:49.928 [main] INFO  o.h.jpa.internal.util.LogHelper - HHH000204: Processing PersistenceUnitInfo [name: default]
08 Apr 2025 - 22:11:49.976 [main] INFO  org.hibernate.Version - HHH000412: Hibernate ORM core version 6.5.2.Final
08 Apr 2025 - 22:11:49.992 [main] INFO  o.h.c.i.RegionFactoryInitiator - HHH000026: Second-level cache disabled
08 Apr 2025 - 22:11:50.271 [main] INFO  o.s.o.j.p.SpringPersistenceUnitInfo - No LoadTimeWeaver setup: ignoring JPA class transformer
08 Apr 2025 - 22:11:50.293 [main] INFO  com.zaxxer.hikari.HikariDataSource - HikariPool-1 - Starting...
08 Apr 2025 - 22:11:50.458 [main] INFO  com.zaxxer.hikari.pool.HikariPool - HikariPool-1 - Added connection org.postgresql.jdbc.PgConnection@5a1a20ae
08 Apr 2025 - 22:11:50.459 [main] INFO  com.zaxxer.hikari.HikariDataSource - HikariPool-1 - Start completed.
08 Apr 2025 - 22:11:51.391 [main] INFO  o.h.e.t.j.p.i.JtaPlatformInitiator - HHH000489: No JTA platform available (set 'hibernate.transaction.jta.platform' to enable JTA platform integration)
08 Apr 2025 - 22:11:51.553 [main] INFO  o.s.o.j.LocalContainerEntityManagerFactoryBean - Initialized JPA EntityManagerFactory for persistence unit 'default'
08 Apr 2025 - 22:11:51.841 [main] INFO  o.s.d.j.r.query.QueryEnhancerFactory - Hibernate is in classpath; If applicable, HQL parser will be used.
08 Apr 2025 - 22:11:52.588 [main] WARN  o.s.b.a.o.j.JpaBaseConfiguration$JpaWebConfiguration - spring.jpa.open-in-view is enabled by default. Therefore, database queries may be performed during view rendering. Explicitly configure spring.jpa.open-in-view to disable this warning
08 Apr 2025 - 22:11:52.612 [main] INFO  o.s.s.c.a.a.c.InitializeAuthenticationProviderBeanManagerConfigurer$InitializeAuthenticationProviderManagerConfigurer - Global AuthenticationManager configured with AuthenticationProvider bean with name authenticationProvider
08 Apr 2025 - 22:11:52.613 [main] WARN  o.s.s.c.a.a.c.InitializeUserDetailsBeanManagerConfigurer$InitializeUserDetailsManagerConfigurer - Global AuthenticationManager configured with an AuthenticationProvider bean. UserDetailsService beans will not be used for username/password login. Consider removing the AuthenticationProvider bean. Alternatively, consider using the UserDetailsService in a manually instantiated DaoAuthenticationProvider.
08 Apr 2025 - 22:11:53.260 [main] INFO  o.s.b.w.e.tomcat.TomcatWebServer - Tomcat started on port 8080 (http) with context path '/'
08 Apr 2025 - 22:11:53.275 [main] INFO  api.giybat.uz.Application - Started Application in 6.161 seconds (process running for 6.815)
08 Apr 2025 - 22:12:16.220 [http-nio-8080-exec-1] INFO  o.a.c.c.C.[Tomcat].[localhost].[/] - Initializing Spring DispatcherServlet 'dispatcherServlet'
08 Apr 2025 - 22:12:16.220 [http-nio-8080-exec-1] INFO  o.s.web.servlet.DispatcherServlet - Initializing Servlet 'dispatcherServlet'
08 Apr 2025 - 22:12:16.220 [http-nio-8080-exec-1] INFO  o.s.web.servlet.DispatcherServlet - Completed initialization in 0 ms
08 Apr 2025 - 22:15:47.154 [SpringApplicationShutdownHook] INFO  o.s.o.j.LocalContainerEntityManagerFactoryBean - Closing JPA EntityManagerFactory for persistence unit 'default'
08 Apr 2025 - 22:15:47.154 [SpringApplicationShutdownHook] INFO  com.zaxxer.hikari.HikariDataSource - HikariPool-1 - Shutdown initiated...
08 Apr 2025 - 22:15:47.167 [SpringApplicationShutdownHook] INFO  com.zaxxer.hikari.HikariDataSource - HikariPool-1 - Shutdown completed.
08 Apr 2025 - 22:17:43.527 [main] INFO  api.giybat.uz.Application - Starting Application using Java 17.0.12 with PID 15280 (D:\JavaProject\Giybat_project\api.giybat.uz\target\classes started by Xojiakbar in D:\JavaProject\Giybat_project\api.giybat.uz)
08 Apr 2025 - 22:17:43.528 [main] INFO  api.giybat.uz.Application - The following 1 profile is active: "local"
08 Apr 2025 - 22:17:44.312 [main] INFO  o.s.d.r.c.RepositoryConfigurationDelegate - Bootstrapping Spring Data JPA repositories in DEFAULT mode.
08 Apr 2025 - 22:17:44.384 [main] INFO  o.s.d.r.c.RepositoryConfigurationDelegate - Finished Spring Data repository scanning in 58 ms. Found 6 JPA repository interfaces.
08 Apr 2025 - 22:17:44.813 [main] INFO  o.s.b.w.e.tomcat.TomcatWebServer - Tomcat initialized with port 8080 (http)
08 Apr 2025 - 22:17:44.822 [main] INFO  o.a.catalina.core.StandardService - Starting service [Tomcat]
08 Apr 2025 - 22:17:44.822 [main] INFO  o.a.catalina.core.StandardEngine - Starting Servlet engine: [Apache Tomcat/10.1.26]
08 Apr 2025 - 22:17:44.902 [main] INFO  o.a.c.c.C.[Tomcat].[localhost].[/] - Initializing Spring embedded WebApplicationContext
08 Apr 2025 - 22:17:44.903 [main] INFO  o.s.b.w.s.c.ServletWebServerApplicationContext - Root WebApplicationContext: initialization completed in 1340 ms
08 Apr 2025 - 22:17:44.998 [main] INFO  o.h.jpa.internal.util.LogHelper - HHH000204: Processing PersistenceUnitInfo [name: default]
08 Apr 2025 - 22:17:45.035 [main] INFO  org.hibernate.Version - HHH000412: Hibernate ORM core version 6.5.2.Final
08 Apr 2025 - 22:17:45.059 [main] INFO  o.h.c.i.RegionFactoryInitiator - HHH000026: Second-level cache disabled
08 Apr 2025 - 22:17:45.310 [main] INFO  o.s.o.j.p.SpringPersistenceUnitInfo - No LoadTimeWeaver setup: ignoring JPA class transformer
08 Apr 2025 - 22:17:45.330 [main] INFO  com.zaxxer.hikari.HikariDataSource - HikariPool-1 - Starting...
08 Apr 2025 - 22:17:45.465 [main] INFO  com.zaxxer.hikari.pool.HikariPool - HikariPool-1 - Added connection org.postgresql.jdbc.PgConnection@246de37e
08 Apr 2025 - 22:17:45.467 [main] INFO  com.zaxxer.hikari.HikariDataSource - HikariPool-1 - Start completed.
08 Apr 2025 - 22:17:46.269 [main] INFO  o.h.e.t.j.p.i.JtaPlatformInitiator - HHH000489: No JTA platform available (set 'hibernate.transaction.jta.platform' to enable JTA platform integration)
08 Apr 2025 - 22:17:46.369 [main] INFO  o.s.o.j.LocalContainerEntityManagerFactoryBean - Initialized JPA EntityManagerFactory for persistence unit 'default'
08 Apr 2025 - 22:17:46.580 [main] INFO  o.s.d.j.r.query.QueryEnhancerFactory - Hibernate is in classpath; If applicable, HQL parser will be used.
08 Apr 2025 - 22:17:47.130 [main] WARN  o.s.b.a.o.j.JpaBaseConfiguration$JpaWebConfiguration - spring.jpa.open-in-view is enabled by default. Therefore, database queries may be performed during view rendering. Explicitly configure spring.jpa.open-in-view to disable this warning
08 Apr 2025 - 22:17:47.148 [main] INFO  o.s.s.c.a.a.c.InitializeAuthenticationProviderBeanManagerConfigurer$InitializeAuthenticationProviderManagerConfigurer - Global AuthenticationManager configured with AuthenticationProvider bean with name authenticationProvider
08 Apr 2025 - 22:17:47.149 [main] WARN  o.s.s.c.a.a.c.InitializeUserDetailsBeanManagerConfigurer$InitializeUserDetailsManagerConfigurer - Global AuthenticationManager configured with an AuthenticationProvider bean. UserDetailsService beans will not be used for username/password login. Consider removing the AuthenticationProvider bean. Alternatively, consider using the UserDetailsService in a manually instantiated DaoAuthenticationProvider.
08 Apr 2025 - 22:17:47.624 [main] INFO  o.s.b.w.e.tomcat.TomcatWebServer - Tomcat started on port 8080 (http) with context path '/'
08 Apr 2025 - 22:17:47.634 [main] INFO  api.giybat.uz.Application - Started Application in 4.451 seconds (process running for 4.904)
08 Apr 2025 - 22:17:51.284 [SpringApplicationShutdownHook] INFO  o.s.o.j.LocalContainerEntityManagerFactoryBean - Closing JPA EntityManagerFactory for persistence unit 'default'
08 Apr 2025 - 22:17:51.284 [SpringApplicationShutdownHook] INFO  com.zaxxer.hikari.HikariDataSource - HikariPool-1 - Shutdown initiated...
08 Apr 2025 - 22:17:51.284 [SpringApplicationShutdownHook] INFO  com.zaxxer.hikari.HikariDataSource - HikariPool-1 - Shutdown completed.
08 Apr 2025 - 22:17:57.706 [main] INFO  api.giybat.uz.Application - Starting Application using Java 17.0.12 with PID 10368 (D:\JavaProject\Giybat_project\api.giybat.uz\target\classes started by Xojiakbar in D:\JavaProject\Giybat_project\api.giybat.uz)
08 Apr 2025 - 22:17:57.707 [main] INFO  api.giybat.uz.Application - The following 1 profile is active: "local"
08 Apr 2025 - 22:17:58.557 [main] INFO  o.s.d.r.c.RepositoryConfigurationDelegate - Bootstrapping Spring Data JPA repositories in DEFAULT mode.
08 Apr 2025 - 22:17:58.674 [main] INFO  o.s.d.r.c.RepositoryConfigurationDelegate - Finished Spring Data repository scanning in 102 ms. Found 6 JPA repository interfaces.
08 Apr 2025 - 22:17:59.214 [main] INFO  o.s.b.w.e.tomcat.TomcatWebServer - Tomcat initialized with port 8080 (http)
08 Apr 2025 - 22:17:59.224 [main] INFO  o.a.catalina.core.StandardService - Starting service [Tomcat]
08 Apr 2025 - 22:17:59.224 [main] INFO  o.a.catalina.core.StandardEngine - Starting Servlet engine: [Apache Tomcat/10.1.26]
08 Apr 2025 - 22:17:59.316 [main] INFO  o.a.c.c.C.[Tomcat].[localhost].[/] - Initializing Spring embedded WebApplicationContext
08 Apr 2025 - 22:17:59.316 [main] INFO  o.s.b.w.s.c.ServletWebServerApplicationContext - Root WebApplicationContext: initialization completed in 1578 ms
08 Apr 2025 - 22:17:59.417 [main] INFO  o.h.jpa.internal.util.LogHelper - HHH000204: Processing PersistenceUnitInfo [name: default]
08 Apr 2025 - 22:17:59.473 [main] INFO  org.hibernate.Version - HHH000412: Hibernate ORM core version 6.5.2.Final
08 Apr 2025 - 22:17:59.498 [main] INFO  o.h.c.i.RegionFactoryInitiator - HHH000026: Second-level cache disabled
08 Apr 2025 - 22:17:59.737 [main] INFO  o.s.o.j.p.SpringPersistenceUnitInfo - No LoadTimeWeaver setup: ignoring JPA class transformer
08 Apr 2025 - 22:17:59.757 [main] INFO  com.zaxxer.hikari.HikariDataSource - HikariPool-1 - Starting...
08 Apr 2025 - 22:17:59.899 [main] INFO  com.zaxxer.hikari.pool.HikariPool - HikariPool-1 - Added connection org.postgresql.jdbc.PgConnection@67f591c2
08 Apr 2025 - 22:17:59.902 [main] INFO  com.zaxxer.hikari.HikariDataSource - HikariPool-1 - Start completed.
08 Apr 2025 - 22:18:00.897 [main] INFO  o.h.e.t.j.p.i.JtaPlatformInitiator - HHH000489: No JTA platform available (set 'hibernate.transaction.jta.platform' to enable JTA platform integration)
08 Apr 2025 - 22:18:00.995 [main] INFO  o.s.o.j.LocalContainerEntityManagerFactoryBean - Initialized JPA EntityManagerFactory for persistence unit 'default'
08 Apr 2025 - 22:18:01.228 [main] INFO  o.s.d.j.r.query.QueryEnhancerFactory - Hibernate is in classpath; If applicable, HQL parser will be used.
08 Apr 2025 - 22:18:01.902 [main] WARN  o.s.b.a.o.j.JpaBaseConfiguration$JpaWebConfiguration - spring.jpa.open-in-view is enabled by default. Therefore, database queries may be performed during view rendering. Explicitly configure spring.jpa.open-in-view to disable this warning
08 Apr 2025 - 22:18:01.928 [main] INFO  o.s.s.c.a.a.c.InitializeAuthenticationProviderBeanManagerConfigurer$InitializeAuthenticationProviderManagerConfigurer - Global AuthenticationManager configured with AuthenticationProvider bean with name authenticationProvider
08 Apr 2025 - 22:18:01.929 [main] WARN  o.s.s.c.a.a.c.InitializeUserDetailsBeanManagerConfigurer$InitializeUserDetailsManagerConfigurer - Global AuthenticationManager configured with an AuthenticationProvider bean. UserDetailsService beans will not be used for username/password login. Consider removing the AuthenticationProvider bean. Alternatively, consider using the UserDetailsService in a manually instantiated DaoAuthenticationProvider.
08 Apr 2025 - 22:18:02.500 [main] INFO  o.s.b.w.e.tomcat.TomcatWebServer - Tomcat started on port 8080 (http) with context path '/'
08 Apr 2025 - 22:18:02.509 [main] INFO  api.giybat.uz.Application - Started Application in 5.174 seconds (process running for 5.739)
08 Apr 2025 - 22:18:06.634 [http-nio-8080-exec-1] INFO  o.a.c.c.C.[Tomcat].[localhost].[/] - Initializing Spring DispatcherServlet 'dispatcherServlet'
08 Apr 2025 - 22:18:06.634 [http-nio-8080-exec-1] INFO  o.s.web.servlet.DispatcherServlet - Initializing Servlet 'dispatcherServlet'
08 Apr 2025 - 22:18:06.643 [http-nio-8080-exec-1] INFO  o.s.web.servlet.DispatcherServlet - Completed initialization in 9 ms
08 Apr 2025 - 22:21:44.836 [SpringApplicationShutdownHook] INFO  o.s.o.j.LocalContainerEntityManagerFactoryBean - Closing JPA EntityManagerFactory for persistence unit 'default'
08 Apr 2025 - 22:21:44.849 [SpringApplicationShutdownHook] INFO  com.zaxxer.hikari.HikariDataSource - HikariPool-1 - Shutdown initiated...
08 Apr 2025 - 22:21:44.857 [SpringApplicationShutdownHook] INFO  com.zaxxer.hikari.HikariDataSource - HikariPool-1 - Shutdown completed.
08 Apr 2025 - 22:21:46.794 [main] INFO  api.giybat.uz.Application - Starting Application using Java 17.0.12 with PID 2064 (D:\JavaProject\Giybat_project\api.giybat.uz\target\classes started by Xojiakbar in D:\JavaProject\Giybat_project\api.giybat.uz)
08 Apr 2025 - 22:21:46.810 [main] INFO  api.giybat.uz.Application - The following 1 profile is active: "local"
08 Apr 2025 - 22:21:47.650 [main] INFO  o.s.d.r.c.RepositoryConfigurationDelegate - Bootstrapping Spring Data JPA repositories in DEFAULT mode.
08 Apr 2025 - 22:21:47.722 [main] INFO  o.s.d.r.c.RepositoryConfigurationDelegate - Finished Spring Data repository scanning in 64 ms. Found 6 JPA repository interfaces.
08 Apr 2025 - 22:21:48.223 [main] INFO  o.s.b.w.e.tomcat.TomcatWebServer - Tomcat initialized with port 8080 (http)
08 Apr 2025 - 22:21:48.233 [main] INFO  o.a.catalina.core.StandardService - Starting service [Tomcat]
08 Apr 2025 - 22:21:48.233 [main] INFO  o.a.catalina.core.StandardEngine - Starting Servlet engine: [Apache Tomcat/10.1.26]
08 Apr 2025 - 22:21:48.320 [main] INFO  o.a.c.c.C.[Tomcat].[localhost].[/] - Initializing Spring embedded WebApplicationContext
08 Apr 2025 - 22:21:48.321 [main] INFO  o.s.b.w.s.c.ServletWebServerApplicationContext - Root WebApplicationContext: initialization completed in 1472 ms
08 Apr 2025 - 22:21:48.456 [main] INFO  o.h.jpa.internal.util.LogHelper - HHH000204: Processing PersistenceUnitInfo [name: default]
08 Apr 2025 - 22:21:48.500 [main] INFO  org.hibernate.Version - HHH000412: Hibernate ORM core version 6.5.2.Final
08 Apr 2025 - 22:21:48.525 [main] INFO  o.h.c.i.RegionFactoryInitiator - HHH000026: Second-level cache disabled
08 Apr 2025 - 22:21:48.743 [main] INFO  o.s.o.j.p.SpringPersistenceUnitInfo - No LoadTimeWeaver setup: ignoring JPA class transformer
08 Apr 2025 - 22:21:48.763 [main] INFO  com.zaxxer.hikari.HikariDataSource - HikariPool-1 - Starting...
08 Apr 2025 - 22:21:48.884 [main] INFO  com.zaxxer.hikari.pool.HikariPool - HikariPool-1 - Added connection org.postgresql.jdbc.PgConnection@a047bdb
08 Apr 2025 - 22:21:48.885 [main] INFO  com.zaxxer.hikari.HikariDataSource - HikariPool-1 - Start completed.
08 Apr 2025 - 22:21:49.771 [main] INFO  o.h.e.t.j.p.i.JtaPlatformInitiator - HHH000489: No JTA platform available (set 'hibernate.transaction.jta.platform' to enable JTA platform integration)
08 Apr 2025 - 22:21:49.882 [main] INFO  o.s.o.j.LocalContainerEntityManagerFactoryBean - Initialized JPA EntityManagerFactory for persistence unit 'default'
08 Apr 2025 - 22:21:50.095 [main] INFO  o.s.d.j.r.query.QueryEnhancerFactory - Hibernate is in classpath; If applicable, HQL parser will be used.
08 Apr 2025 - 22:21:50.802 [main] WARN  o.s.b.a.o.j.JpaBaseConfiguration$JpaWebConfiguration - spring.jpa.open-in-view is enabled by default. Therefore, database queries may be performed during view rendering. Explicitly configure spring.jpa.open-in-view to disable this warning
08 Apr 2025 - 22:21:50.827 [main] INFO  o.s.s.c.a.a.c.InitializeAuthenticationProviderBeanManagerConfigurer$InitializeAuthenticationProviderManagerConfigurer - Global AuthenticationManager configured with AuthenticationProvider bean with name authenticationProvider
08 Apr 2025 - 22:21:50.829 [main] WARN  o.s.s.c.a.a.c.InitializeUserDetailsBeanManagerConfigurer$InitializeUserDetailsManagerConfigurer - Global AuthenticationManager configured with an AuthenticationProvider bean. UserDetailsService beans will not be used for username/password login. Consider removing the AuthenticationProvider bean. Alternatively, consider using the UserDetailsService in a manually instantiated DaoAuthenticationProvider.
08 Apr 2025 - 22:21:51.334 [main] INFO  o.s.b.w.e.tomcat.TomcatWebServer - Tomcat started on port 8080 (http) with context path '/'
08 Apr 2025 - 22:21:51.343 [main] INFO  api.giybat.uz.Application - Started Application in 4.84 seconds (process running for 5.361)
08 Apr 2025 - 22:22:40.751 [http-nio-8080-exec-1] INFO  o.a.c.c.C.[Tomcat].[localhost].[/] - Initializing Spring DispatcherServlet 'dispatcherServlet'
08 Apr 2025 - 22:22:40.752 [http-nio-8080-exec-1] INFO  o.s.web.servlet.DispatcherServlet - Initializing Servlet 'dispatcherServlet'
08 Apr 2025 - 22:22:40.754 [http-nio-8080-exec-1] INFO  o.s.web.servlet.DispatcherServlet - Completed initialization in 2 ms
