
18 Apr 2025 - 19:04:42.059 [main] INFO  api.giybat.uz.Application - Starting Application using Java 17.0.12 with PID 17484 (D:\JavaProject\Giybat_project\api.giybat.uz\target\classes started by Xojiakbar in D:\JavaProject\Giybat_project\api.giybat.uz)
18 Apr 2025 - 19:04:42.075 [main] INFO  api.giybat.uz.Application - The following 1 profile is active: "local"
18 Apr 2025 - 19:04:42.947 [main] INFO  o.s.d.r.c.RepositoryConfigurationDelegate - Bootstrapping Spring Data JPA repositories in DEFAULT mode.
18 Apr 2025 - 19:04:43.015 [main] INFO  o.s.d.r.c.RepositoryConfigurationDelegate - Finished Spring Data repository scanning in 61 ms. Found 6 JPA repository interfaces.
18 Apr 2025 - 19:04:43.530 [main] INFO  o.s.b.w.e.tomcat.TomcatWebServer - Tomcat initialized with port 8080 (http)
18 Apr 2025 - 19:04:43.542 [main] INFO  o.a.catalina.core.StandardService - Starting service [Tomcat]
18 Apr 2025 - 19:04:43.542 [main] INFO  o.a.catalina.core.StandardEngine - Starting Servlet engine: [Apache Tomcat/10.1.26]
18 Apr 2025 - 19:04:43.598 [main] INFO  o.a.c.c.C.[Tomcat].[localhost].[/] - Initializing Spring embedded WebApplicationContext
18 Apr 2025 - 19:04:43.599 [main] INFO  o.s.b.w.s.c.ServletWebServerApplicationContext - Root WebApplicationContext: initialization completed in 1490 ms
18 Apr 2025 - 19:04:43.735 [main] INFO  o.h.jpa.internal.util.LogHelper - HHH000204: Processing PersistenceUnitInfo [name: default]
18 Apr 2025 - 19:04:43.776 [main] INFO  org.hibernate.Version - HHH000412: Hibernate ORM core version 6.5.2.Final
18 Apr 2025 - 19:04:43.799 [main] INFO  o.h.c.i.RegionFactoryInitiator - HHH000026: Second-level cache disabled
18 Apr 2025 - 19:04:44.026 [main] INFO  o.s.o.j.p.SpringPersistenceUnitInfo - No LoadTimeWeaver setup: ignoring JPA class transformer
18 Apr 2025 - 19:04:44.047 [main] INFO  com.zaxxer.hikari.HikariDataSource - HikariPool-1 - Starting...
18 Apr 2025 - 19:04:44.177 [main] INFO  com.zaxxer.hikari.pool.HikariPool - HikariPool-1 - Added connection org.postgresql.jdbc.PgConnection@a047bdb
18 Apr 2025 - 19:04:44.178 [main] INFO  com.zaxxer.hikari.HikariDataSource - HikariPool-1 - Start completed.
18 Apr 2025 - 19:04:45.047 [main] INFO  o.h.e.t.j.p.i.JtaPlatformInitiator - HHH000489: No JTA platform available (set 'hibernate.transaction.jta.platform' to enable JTA platform integration)
18 Apr 2025 - 19:04:45.182 [main] INFO  o.s.o.j.LocalContainerEntityManagerFactoryBean - Initialized JPA EntityManagerFactory for persistence unit 'default'
18 Apr 2025 - 19:04:45.329 [main] INFO  o.s.d.j.r.query.QueryEnhancerFactory - Hibernate is in classpath; If applicable, HQL parser will be used.
18 Apr 2025 - 19:04:45.982 [main] WARN  o.s.b.a.o.j.JpaBaseConfiguration$JpaWebConfiguration - spring.jpa.open-in-view is enabled by default. Therefore, database queries may be performed during view rendering. Explicitly configure spring.jpa.open-in-view to disable this warning
18 Apr 2025 - 19:04:46.005 [main] INFO  o.s.s.c.a.a.c.InitializeAuthenticationProviderBeanManagerConfigurer$InitializeAuthenticationProviderManagerConfigurer - Global AuthenticationManager configured with AuthenticationProvider bean with name authenticationProvider
18 Apr 2025 - 19:04:46.005 [main] WARN  o.s.s.c.a.a.c.InitializeUserDetailsBeanManagerConfigurer$InitializeUserDetailsManagerConfigurer - Global AuthenticationManager configured with an AuthenticationProvider bean. UserDetailsService beans will not be used for username/password login. Consider removing the AuthenticationProvider bean. Alternatively, consider using the UserDetailsService in a manually instantiated DaoAuthenticationProvider.
18 Apr 2025 - 19:04:46.464 [main] INFO  o.s.b.w.e.tomcat.TomcatWebServer - Tomcat started on port 8080 (http) with context path '/'
18 Apr 2025 - 19:04:46.474 [main] INFO  api.giybat.uz.Application - Started Application in 4.73 seconds (process running for 5.258)
18 Apr 2025 - 19:04:50.549 [SpringApplicationShutdownHook] INFO  o.s.o.j.LocalContainerEntityManagerFactoryBean - Closing JPA EntityManagerFactory for persistence unit 'default'
18 Apr 2025 - 19:04:50.550 [SpringApplicationShutdownHook] INFO  com.zaxxer.hikari.HikariDataSource - HikariPool-1 - Shutdown initiated...
18 Apr 2025 - 19:04:50.555 [SpringApplicationShutdownHook] INFO  com.zaxxer.hikari.HikariDataSource - HikariPool-1 - Shutdown completed.
18 Apr 2025 - 19:05:38.848 [main] INFO  api.giybat.uz.Application - Starting Application using Java 17.0.12 with PID 8796 (D:\JavaProject\Giybat_project\api.giybat.uz\target\classes started by Xojiakbar in D:\JavaProject\Giybat_project\api.giybat.uz)
18 Apr 2025 - 19:05:38.864 [main] INFO  api.giybat.uz.Application - The following 1 profile is active: "local"
18 Apr 2025 - 19:05:39.631 [main] INFO  o.s.d.r.c.RepositoryConfigurationDelegate - Bootstrapping Spring Data JPA repositories in DEFAULT mode.
18 Apr 2025 - 19:05:39.711 [main] INFO  o.s.d.r.c.RepositoryConfigurationDelegate - Finished Spring Data repository scanning in 72 ms. Found 6 JPA repository interfaces.
18 Apr 2025 - 19:05:40.166 [main] INFO  o.s.b.w.e.tomcat.TomcatWebServer - Tomcat initialized with port 8080 (http)
18 Apr 2025 - 19:05:40.180 [main] INFO  o.a.catalina.core.StandardService - Starting service [Tomcat]
18 Apr 2025 - 19:05:40.180 [main] INFO  o.a.catalina.core.StandardEngine - Starting Servlet engine: [Apache Tomcat/10.1.26]
18 Apr 2025 - 19:05:40.248 [main] INFO  o.a.c.c.C.[Tomcat].[localhost].[/] - Initializing Spring embedded WebApplicationContext
18 Apr 2025 - 19:05:40.248 [main] INFO  o.s.b.w.s.c.ServletWebServerApplicationContext - Root WebApplicationContext: initialization completed in 1346 ms
18 Apr 2025 - 19:05:40.345 [main] INFO  o.h.jpa.internal.util.LogHelper - HHH000204: Processing PersistenceUnitInfo [name: default]
18 Apr 2025 - 19:05:40.400 [main] INFO  org.hibernate.Version - HHH000412: Hibernate ORM core version 6.5.2.Final
18 Apr 2025 - 19:05:40.426 [main] INFO  o.h.c.i.RegionFactoryInitiator - HHH000026: Second-level cache disabled
18 Apr 2025 - 19:05:40.671 [main] INFO  o.s.o.j.p.SpringPersistenceUnitInfo - No LoadTimeWeaver setup: ignoring JPA class transformer
18 Apr 2025 - 19:05:40.701 [main] INFO  com.zaxxer.hikari.HikariDataSource - HikariPool-1 - Starting...
18 Apr 2025 - 19:05:40.842 [main] INFO  com.zaxxer.hikari.pool.HikariPool - HikariPool-1 - Added connection org.postgresql.jdbc.PgConnection@a047bdb
18 Apr 2025 - 19:05:40.844 [main] INFO  com.zaxxer.hikari.HikariDataSource - HikariPool-1 - Start completed.
18 Apr 2025 - 19:05:41.664 [main] INFO  o.h.e.t.j.p.i.JtaPlatformInitiator - HHH000489: No JTA platform available (set 'hibernate.transaction.jta.platform' to enable JTA platform integration)
18 Apr 2025 - 19:05:41.747 [main] INFO  o.s.o.j.LocalContainerEntityManagerFactoryBean - Initialized JPA EntityManagerFactory for persistence unit 'default'
18 Apr 2025 - 19:05:41.984 [main] INFO  o.s.d.j.r.query.QueryEnhancerFactory - Hibernate is in classpath; If applicable, HQL parser will be used.
18 Apr 2025 - 19:05:42.543 [main] WARN  o.s.b.a.o.j.JpaBaseConfiguration$JpaWebConfiguration - spring.jpa.open-in-view is enabled by default. Therefore, database queries may be performed during view rendering. Explicitly configure spring.jpa.open-in-view to disable this warning
18 Apr 2025 - 19:05:42.576 [main] INFO  o.s.s.c.a.a.c.InitializeAuthenticationProviderBeanManagerConfigurer$InitializeAuthenticationProviderManagerConfigurer - Global AuthenticationManager configured with AuthenticationProvider bean with name authenticationProvider
18 Apr 2025 - 19:05:42.576 [main] WARN  o.s.s.c.a.a.c.InitializeUserDetailsBeanManagerConfigurer$InitializeUserDetailsManagerConfigurer - Global AuthenticationManager configured with an AuthenticationProvider bean. UserDetailsService beans will not be used for username/password login. Consider removing the AuthenticationProvider bean. Alternatively, consider using the UserDetailsService in a manually instantiated DaoAuthenticationProvider.
18 Apr 2025 - 19:05:43.094 [main] INFO  o.s.b.w.e.tomcat.TomcatWebServer - Tomcat started on port 8080 (http) with context path '/'
18 Apr 2025 - 19:05:43.104 [main] INFO  api.giybat.uz.Application - Started Application in 4.563 seconds (process running for 4.994)
18 Apr 2025 - 19:08:29.090 [http-nio-8080-exec-1] INFO  o.a.c.c.C.[Tomcat].[localhost].[/] - Initializing Spring DispatcherServlet 'dispatcherServlet'
18 Apr 2025 - 19:08:29.090 [http-nio-8080-exec-1] INFO  o.s.web.servlet.DispatcherServlet - Initializing Servlet 'dispatcherServlet'
18 Apr 2025 - 19:08:29.090 [http-nio-8080-exec-1] INFO  o.s.web.servlet.DispatcherServlet - Completed initialization in 0 ms
18 Apr 2025 - 19:08:40.515 [http-nio-8080-exec-4] WARN  o.s.web.servlet.PageNotFound - Request method 'PUT' is not supported
18 Apr 2025 - 19:12:12.247 [SpringApplicationShutdownHook] INFO  o.s.o.j.LocalContainerEntityManagerFactoryBean - Closing JPA EntityManagerFactory for persistence unit 'default'
18 Apr 2025 - 19:12:12.249 [SpringApplicationShutdownHook] INFO  com.zaxxer.hikari.HikariDataSource - HikariPool-1 - Shutdown initiated...
18 Apr 2025 - 19:12:12.253 [SpringApplicationShutdownHook] INFO  com.zaxxer.hikari.HikariDataSource - HikariPool-1 - Shutdown completed.
18 Apr 2025 - 19:12:19.602 [main] INFO  api.giybat.uz.Application - Starting Application using Java 17.0.12 with PID 16876 (D:\JavaProject\Giybat_project\api.giybat.uz\target\classes started by Xojiakbar in D:\JavaProject\Giybat_project\api.giybat.uz)
18 Apr 2025 - 19:12:19.609 [main] INFO  api.giybat.uz.Application - The following 1 profile is active: "local"
18 Apr 2025 - 19:12:20.367 [main] INFO  o.s.d.r.c.RepositoryConfigurationDelegate - Bootstrapping Spring Data JPA repositories in DEFAULT mode.
18 Apr 2025 - 19:12:20.424 [main] INFO  o.s.d.r.c.RepositoryConfigurationDelegate - Finished Spring Data repository scanning in 50 ms. Found 6 JPA repository interfaces.
18 Apr 2025 - 19:12:20.825 [main] INFO  o.s.b.w.e.tomcat.TomcatWebServer - Tomcat initialized with port 8080 (http)
18 Apr 2025 - 19:12:20.835 [main] INFO  o.a.catalina.core.StandardService - Starting service [Tomcat]
18 Apr 2025 - 19:12:20.835 [main] INFO  o.a.catalina.core.StandardEngine - Starting Servlet engine: [Apache Tomcat/10.1.26]
18 Apr 2025 - 19:12:20.891 [main] INFO  o.a.c.c.C.[Tomcat].[localhost].[/] - Initializing Spring embedded WebApplicationContext
18 Apr 2025 - 19:12:20.892 [main] INFO  o.s.b.w.s.c.ServletWebServerApplicationContext - Root WebApplicationContext: initialization completed in 1246 ms
18 Apr 2025 - 19:12:20.987 [main] INFO  o.h.jpa.internal.util.LogHelper - HHH000204: Processing PersistenceUnitInfo [name: default]
18 Apr 2025 - 19:12:21.023 [main] INFO  org.hibernate.Version - HHH000412: Hibernate ORM core version 6.5.2.Final
18 Apr 2025 - 19:12:21.047 [main] INFO  o.h.c.i.RegionFactoryInitiator - HHH000026: Second-level cache disabled
18 Apr 2025 - 19:12:21.275 [main] INFO  o.s.o.j.p.SpringPersistenceUnitInfo - No LoadTimeWeaver setup: ignoring JPA class transformer
18 Apr 2025 - 19:12:21.294 [main] INFO  com.zaxxer.hikari.HikariDataSource - HikariPool-1 - Starting...
18 Apr 2025 - 19:12:21.418 [main] INFO  com.zaxxer.hikari.pool.HikariPool - HikariPool-1 - Added connection org.postgresql.jdbc.PgConnection@67f591c2
18 Apr 2025 - 19:12:21.419 [main] INFO  com.zaxxer.hikari.HikariDataSource - HikariPool-1 - Start completed.
18 Apr 2025 - 19:12:22.373 [main] INFO  o.h.e.t.j.p.i.JtaPlatformInitiator - HHH000489: No JTA platform available (set 'hibernate.transaction.jta.platform' to enable JTA platform integration)
18 Apr 2025 - 19:12:22.499 [main] INFO  o.s.o.j.LocalContainerEntityManagerFactoryBean - Initialized JPA EntityManagerFactory for persistence unit 'default'
18 Apr 2025 - 19:12:22.737 [main] INFO  o.s.d.j.r.query.QueryEnhancerFactory - Hibernate is in classpath; If applicable, HQL parser will be used.
18 Apr 2025 - 19:12:23.297 [main] WARN  o.s.b.a.o.j.JpaBaseConfiguration$JpaWebConfiguration - spring.jpa.open-in-view is enabled by default. Therefore, database queries may be performed during view rendering. Explicitly configure spring.jpa.open-in-view to disable this warning
18 Apr 2025 - 19:12:23.332 [main] INFO  o.s.s.c.a.a.c.InitializeAuthenticationProviderBeanManagerConfigurer$InitializeAuthenticationProviderManagerConfigurer - Global AuthenticationManager configured with AuthenticationProvider bean with name authenticationProvider
18 Apr 2025 - 19:12:23.333 [main] WARN  o.s.s.c.a.a.c.InitializeUserDetailsBeanManagerConfigurer$InitializeUserDetailsManagerConfigurer - Global AuthenticationManager configured with an AuthenticationProvider bean. UserDetailsService beans will not be used for username/password login. Consider removing the AuthenticationProvider bean. Alternatively, consider using the UserDetailsService in a manually instantiated DaoAuthenticationProvider.
18 Apr 2025 - 19:12:23.829 [main] INFO  o.s.b.w.e.tomcat.TomcatWebServer - Tomcat started on port 8080 (http) with context path '/'
18 Apr 2025 - 19:12:23.845 [main] INFO  api.giybat.uz.Application - Started Application in 4.607 seconds (process running for 5.083)
18 Apr 2025 - 19:12:30.347 [http-nio-8080-exec-1] INFO  o.a.c.c.C.[Tomcat].[localhost].[/] - Initializing Spring DispatcherServlet 'dispatcherServlet'
18 Apr 2025 - 19:12:30.347 [http-nio-8080-exec-1] INFO  o.s.web.servlet.DispatcherServlet - Initializing Servlet 'dispatcherServlet'
18 Apr 2025 - 19:12:30.347 [http-nio-8080-exec-1] INFO  o.s.web.servlet.DispatcherServlet - Completed initialization in 0 ms
18 Apr 2025 - 19:26:57.123 [SpringApplicationShutdownHook] INFO  o.s.o.j.LocalContainerEntityManagerFactoryBean - Closing JPA EntityManagerFactory for persistence unit 'default'
18 Apr 2025 - 19:26:57.126 [SpringApplicationShutdownHook] INFO  com.zaxxer.hikari.HikariDataSource - HikariPool-1 - Shutdown initiated...
18 Apr 2025 - 19:26:57.132 [SpringApplicationShutdownHook] INFO  com.zaxxer.hikari.HikariDataSource - HikariPool-1 - Shutdown completed.
18 Apr 2025 - 19:27:04.007 [main] INFO  api.giybat.uz.Application - Starting Application using Java 17.0.12 with PID 17532 (D:\JavaProject\Giybat_project\api.giybat.uz\target\classes started by Xojiakbar in D:\JavaProject\Giybat_project\api.giybat.uz)
18 Apr 2025 - 19:27:04.023 [main] INFO  api.giybat.uz.Application - The following 1 profile is active: "local"
18 Apr 2025 - 19:27:04.851 [main] INFO  o.s.d.r.c.RepositoryConfigurationDelegate - Bootstrapping Spring Data JPA repositories in DEFAULT mode.
18 Apr 2025 - 19:27:04.923 [main] INFO  o.s.d.r.c.RepositoryConfigurationDelegate - Finished Spring Data repository scanning in 64 ms. Found 6 JPA repository interfaces.
18 Apr 2025 - 19:27:05.360 [main] INFO  o.s.b.w.e.tomcat.TomcatWebServer - Tomcat initialized with port 8080 (http)
18 Apr 2025 - 19:27:05.370 [main] INFO  o.a.catalina.core.StandardService - Starting service [Tomcat]
18 Apr 2025 - 19:27:05.370 [main] INFO  o.a.catalina.core.StandardEngine - Starting Servlet engine: [Apache Tomcat/10.1.26]
18 Apr 2025 - 19:27:05.419 [main] INFO  o.a.c.c.C.[Tomcat].[localhost].[/] - Initializing Spring embedded WebApplicationContext
18 Apr 2025 - 19:27:05.419 [main] INFO  o.s.b.w.s.c.ServletWebServerApplicationContext - Root WebApplicationContext: initialization completed in 1365 ms
18 Apr 2025 - 19:27:05.555 [main] INFO  o.h.jpa.internal.util.LogHelper - HHH000204: Processing PersistenceUnitInfo [name: default]
18 Apr 2025 - 19:27:05.597 [main] INFO  org.hibernate.Version - HHH000412: Hibernate ORM core version 6.5.2.Final
18 Apr 2025 - 19:27:05.620 [main] INFO  o.h.c.i.RegionFactoryInitiator - HHH000026: Second-level cache disabled
18 Apr 2025 - 19:27:05.851 [main] INFO  o.s.o.j.p.SpringPersistenceUnitInfo - No LoadTimeWeaver setup: ignoring JPA class transformer
18 Apr 2025 - 19:27:05.873 [main] INFO  com.zaxxer.hikari.HikariDataSource - HikariPool-1 - Starting...
18 Apr 2025 - 19:27:06.015 [main] INFO  com.zaxxer.hikari.pool.HikariPool - HikariPool-1 - Added connection org.postgresql.jdbc.PgConnection@39a8e2fa
18 Apr 2025 - 19:27:06.017 [main] INFO  com.zaxxer.hikari.HikariDataSource - HikariPool-1 - Start completed.
18 Apr 2025 - 19:27:06.907 [main] INFO  o.h.e.t.j.p.i.JtaPlatformInitiator - HHH000489: No JTA platform available (set 'hibernate.transaction.jta.platform' to enable JTA platform integration)
18 Apr 2025 - 19:27:07.008 [main] INFO  o.s.o.j.LocalContainerEntityManagerFactoryBean - Initialized JPA EntityManagerFactory for persistence unit 'default'
18 Apr 2025 - 19:27:07.176 [main] INFO  o.s.d.j.r.query.QueryEnhancerFactory - Hibernate is in classpath; If applicable, HQL parser will be used.
18 Apr 2025 - 19:27:07.772 [main] WARN  o.s.b.a.o.j.JpaBaseConfiguration$JpaWebConfiguration - spring.jpa.open-in-view is enabled by default. Therefore, database queries may be performed during view rendering. Explicitly configure spring.jpa.open-in-view to disable this warning
18 Apr 2025 - 19:27:07.792 [main] INFO  o.s.s.c.a.a.c.InitializeAuthenticationProviderBeanManagerConfigurer$InitializeAuthenticationProviderManagerConfigurer - Global AuthenticationManager configured with AuthenticationProvider bean with name authenticationProvider
18 Apr 2025 - 19:27:07.793 [main] WARN  o.s.s.c.a.a.c.InitializeUserDetailsBeanManagerConfigurer$InitializeUserDetailsManagerConfigurer - Global AuthenticationManager configured with an AuthenticationProvider bean. UserDetailsService beans will not be used for username/password login. Consider removing the AuthenticationProvider bean. Alternatively, consider using the UserDetailsService in a manually instantiated DaoAuthenticationProvider.
18 Apr 2025 - 19:27:08.253 [main] INFO  o.s.b.w.e.tomcat.TomcatWebServer - Tomcat started on port 8080 (http) with context path '/'
18 Apr 2025 - 19:27:08.262 [main] INFO  api.giybat.uz.Application - Started Application in 4.656 seconds (process running for 5.175)

18 Apr 2025 - 19:51:27.023 [main] INFO  api.giybat.uz.Application - Starting Application using Java 17.0.12 with PID 4276 (D:\JavaProject\Giybat_project\api.giybat.uz\target\classes started by Xojiakbar in D:\JavaProject\Giybat_project\api.giybat.uz)
18 Apr 2025 - 19:51:27.048 [main] INFO  api.giybat.uz.Application - The following 1 profile is active: "local"
18 Apr 2025 - 19:51:28.036 [main] INFO  o.s.d.r.c.RepositoryConfigurationDelegate - Bootstrapping Spring Data JPA repositories in DEFAULT mode.
18 Apr 2025 - 19:51:28.151 [main] INFO  o.s.d.r.c.RepositoryConfigurationDelegate - Finished Spring Data repository scanning in 85 ms. Found 6 JPA repository interfaces.
18 Apr 2025 - 19:51:28.660 [main] INFO  o.s.b.w.e.tomcat.TomcatWebServer - Tomcat initialized with port 8080 (http)
18 Apr 2025 - 19:51:28.671 [main] INFO  o.a.catalina.core.StandardService - Starting service [Tomcat]
18 Apr 2025 - 19:51:28.672 [main] INFO  o.a.catalina.core.StandardEngine - Starting Servlet engine: [Apache Tomcat/10.1.26]
18 Apr 2025 - 19:51:28.751 [main] INFO  o.a.c.c.C.[Tomcat].[localhost].[/] - Initializing Spring embedded WebApplicationContext
18 Apr 2025 - 19:51:28.752 [main] INFO  o.s.b.w.s.c.ServletWebServerApplicationContext - Root WebApplicationContext: initialization completed in 1656 ms
18 Apr 2025 - 19:51:28.892 [main] INFO  o.h.jpa.internal.util.LogHelper - HHH000204: Processing PersistenceUnitInfo [name: default]
18 Apr 2025 - 19:51:28.945 [main] INFO  org.hibernate.Version - HHH000412: Hibernate ORM core version 6.5.2.Final
18 Apr 2025 - 19:51:28.973 [main] INFO  o.h.c.i.RegionFactoryInitiator - HHH000026: Second-level cache disabled
18 Apr 2025 - 19:51:29.263 [main] INFO  o.s.o.j.p.SpringPersistenceUnitInfo - No LoadTimeWeaver setup: ignoring JPA class transformer
18 Apr 2025 - 19:51:29.294 [main] INFO  com.zaxxer.hikari.HikariDataSource - HikariPool-1 - Starting...
18 Apr 2025 - 19:51:29.473 [main] INFO  com.zaxxer.hikari.pool.HikariPool - HikariPool-1 - Added connection org.postgresql.jdbc.PgConnection@ff2266c
18 Apr 2025 - 19:51:29.476 [main] INFO  com.zaxxer.hikari.HikariDataSource - HikariPool-1 - Start completed.
18 Apr 2025 - 19:51:30.640 [main] INFO  o.h.e.t.j.p.i.JtaPlatformInitiator - HHH000489: No JTA platform available (set 'hibernate.transaction.jta.platform' to enable JTA platform integration)
18 Apr 2025 - 19:51:30.798 [main] INFO  o.s.o.j.LocalContainerEntityManagerFactoryBean - Initialized JPA EntityManagerFactory for persistence unit 'default'
18 Apr 2025 - 19:51:31.064 [main] INFO  o.s.d.j.r.query.QueryEnhancerFactory - Hibernate is in classpath; If applicable, HQL parser will be used.
18 Apr 2025 - 19:51:31.752 [main] WARN  o.s.b.a.o.j.JpaBaseConfiguration$JpaWebConfiguration - spring.jpa.open-in-view is enabled by default. Therefore, database queries may be performed during view rendering. Explicitly configure spring.jpa.open-in-view to disable this warning
18 Apr 2025 - 19:51:31.777 [main] INFO  o.s.s.c.a.a.c.InitializeAuthenticationProviderBeanManagerConfigurer$InitializeAuthenticationProviderManagerConfigurer - Global AuthenticationManager configured with AuthenticationProvider bean with name authenticationProvider
18 Apr 2025 - 19:51:31.777 [main] WARN  o.s.s.c.a.a.c.InitializeUserDetailsBeanManagerConfigurer$InitializeUserDetailsManagerConfigurer - Global AuthenticationManager configured with an AuthenticationProvider bean. UserDetailsService beans will not be used for username/password login. Consider removing the AuthenticationProvider bean. Alternatively, consider using the UserDetailsService in a manually instantiated DaoAuthenticationProvider.
18 Apr 2025 - 19:51:32.417 [main] INFO  o.s.b.w.e.tomcat.TomcatWebServer - Tomcat started on port 8080 (http) with context path '/'
18 Apr 2025 - 19:51:32.436 [main] INFO  api.giybat.uz.Application - Started Application in 5.844 seconds (process running for 6.569)
18 Apr 2025 - 19:51:35.276 [SpringApplicationShutdownHook] INFO  o.s.o.j.LocalContainerEntityManagerFactoryBean - Closing JPA EntityManagerFactory for persistence unit 'default'
18 Apr 2025 - 19:51:35.279 [SpringApplicationShutdownHook] INFO  com.zaxxer.hikari.HikariDataSource - HikariPool-1 - Shutdown initiated...
18 Apr 2025 - 19:51:35.284 [SpringApplicationShutdownHook] INFO  com.zaxxer.hikari.HikariDataSource - HikariPool-1 - Shutdown completed.
18 Apr 2025 - 20:35:50.032 [main] INFO  api.giybat.uz.Application - Starting Application using Java 17.0.12 with PID 13152 (D:\JavaProject\Giybat_project\api.giybat.uz\target\classes started by Xojiakbar in D:\JavaProject\Giybat_project\api.giybat.uz)
18 Apr 2025 - 20:35:50.050 [main] INFO  api.giybat.uz.Application - The following 1 profile is active: "local"
18 Apr 2025 - 20:35:51.041 [main] INFO  o.s.d.r.c.RepositoryConfigurationDelegate - Bootstrapping Spring Data JPA repositories in DEFAULT mode.
18 Apr 2025 - 20:35:51.131 [main] INFO  o.s.d.r.c.RepositoryConfigurationDelegate - Finished Spring Data repository scanning in 80 ms. Found 6 JPA repository interfaces.
18 Apr 2025 - 20:35:51.649 [main] INFO  o.s.b.w.e.tomcat.TomcatWebServer - Tomcat initialized with port 8080 (http)
18 Apr 2025 - 20:35:51.661 [main] INFO  o.a.catalina.core.StandardService - Starting service [Tomcat]
18 Apr 2025 - 20:35:51.662 [main] INFO  o.a.catalina.core.StandardEngine - Starting Servlet engine: [Apache Tomcat/10.1.26]
18 Apr 2025 - 20:35:51.730 [main] INFO  o.a.c.c.C.[Tomcat].[localhost].[/] - Initializing Spring embedded WebApplicationContext
18 Apr 2025 - 20:35:51.731 [main] INFO  o.s.b.w.s.c.ServletWebServerApplicationContext - Root WebApplicationContext: initialization completed in 1625 ms
18 Apr 2025 - 20:35:51.849 [main] INFO  o.h.jpa.internal.util.LogHelper - HHH000204: Processing PersistenceUnitInfo [name: default]
18 Apr 2025 - 20:35:51.910 [main] INFO  org.hibernate.Version - HHH000412: Hibernate ORM core version 6.5.2.Final
18 Apr 2025 - 20:35:51.942 [main] INFO  o.h.c.i.RegionFactoryInitiator - HHH000026: Second-level cache disabled
18 Apr 2025 - 20:35:52.254 [main] INFO  o.s.o.j.p.SpringPersistenceUnitInfo - No LoadTimeWeaver setup: ignoring JPA class transformer
18 Apr 2025 - 20:35:52.283 [main] INFO  com.zaxxer.hikari.HikariDataSource - HikariPool-1 - Starting...
18 Apr 2025 - 20:35:52.481 [main] INFO  com.zaxxer.hikari.pool.HikariPool - HikariPool-1 - Added connection org.postgresql.jdbc.PgConnection@39a8e2fa
18 Apr 2025 - 20:35:52.483 [main] INFO  com.zaxxer.hikari.HikariDataSource - HikariPool-1 - Start completed.
18 Apr 2025 - 20:35:53.753 [main] INFO  o.h.e.t.j.p.i.JtaPlatformInitiator - HHH000489: No JTA platform available (set 'hibernate.transaction.jta.platform' to enable JTA platform integration)
18 Apr 2025 - 20:35:53.897 [main] INFO  o.s.o.j.LocalContainerEntityManagerFactoryBean - Initialized JPA EntityManagerFactory for persistence unit 'default'
18 Apr 2025 - 20:35:54.206 [main] INFO  o.s.d.j.r.query.QueryEnhancerFactory - Hibernate is in classpath; If applicable, HQL parser will be used.
18 Apr 2025 - 20:35:54.969 [main] WARN  o.s.b.a.o.j.JpaBaseConfiguration$JpaWebConfiguration - spring.jpa.open-in-view is enabled by default. Therefore, database queries may be performed during view rendering. Explicitly configure spring.jpa.open-in-view to disable this warning
18 Apr 2025 - 20:35:55.001 [main] INFO  o.s.s.c.a.a.c.InitializeAuthenticationProviderBeanManagerConfigurer$InitializeAuthenticationProviderManagerConfigurer - Global AuthenticationManager configured with AuthenticationProvider bean with name authenticationProvider
18 Apr 2025 - 20:35:55.001 [main] WARN  o.s.s.c.a.a.c.InitializeUserDetailsBeanManagerConfigurer$InitializeUserDetailsManagerConfigurer - Global AuthenticationManager configured with an AuthenticationProvider bean. UserDetailsService beans will not be used for username/password login. Consider removing the AuthenticationProvider bean. Alternatively, consider using the UserDetailsService in a manually instantiated DaoAuthenticationProvider.
18 Apr 2025 - 20:35:55.737 [main] INFO  o.s.b.w.e.tomcat.TomcatWebServer - Tomcat started on port 8080 (http) with context path '/'
18 Apr 2025 - 20:35:55.756 [main] INFO  api.giybat.uz.Application - Started Application in 6.226 seconds (process running for 6.845)
18 Apr 2025 - 20:36:01.352 [http-nio-8080-exec-1] INFO  o.a.c.c.C.[Tomcat].[localhost].[/] - Initializing Spring DispatcherServlet 'dispatcherServlet'
18 Apr 2025 - 20:36:01.352 [http-nio-8080-exec-1] INFO  o.s.web.servlet.DispatcherServlet - Initializing Servlet 'dispatcherServlet'
18 Apr 2025 - 20:36:01.358 [http-nio-8080-exec-1] INFO  o.s.web.servlet.DispatcherServlet - Completed initialization in 6 ms
18 Apr 2025 - 20:36:01.573 [http-nio-8080-exec-1] WARN  o.s.s.c.bcrypt.BCryptPasswordEncoder - Encoded password does not look like BCrypt
18 Apr 2025 - 20:36:33.663 [http-nio-8080-exec-2] WARN  o.s.s.c.bcrypt.BCryptPasswordEncoder - Encoded password does not look like BCrypt
18 Apr 2025 - 20:36:37.051 [http-nio-8080-exec-4] WARN  o.s.s.c.bcrypt.BCryptPasswordEncoder - Encoded password does not look like BCrypt
18 Apr 2025 - 20:37:19.041 [SpringApplicationShutdownHook] INFO  o.s.o.j.LocalContainerEntityManagerFactoryBean - Closing JPA EntityManagerFactory for persistence unit 'default'
18 Apr 2025 - 20:37:19.043 [SpringApplicationShutdownHook] INFO  com.zaxxer.hikari.HikariDataSource - HikariPool-1 - Shutdown initiated...
18 Apr 2025 - 20:37:19.045 [SpringApplicationShutdownHook] INFO  com.zaxxer.hikari.HikariDataSource - HikariPool-1 - Shutdown completed.
18 Apr 2025 - 20:37:25.294 [main] INFO  api.giybat.uz.Application - Starting Application using Java 17.0.12 with PID 15268 (D:\JavaProject\Giybat_project\api.giybat.uz\target\classes started by Xojiakbar in D:\JavaProject\Giybat_project\api.giybat.uz)
18 Apr 2025 - 20:37:25.309 [main] INFO  api.giybat.uz.Application - The following 1 profile is active: "local"
18 Apr 2025 - 20:37:26.520 [main] INFO  o.s.d.r.c.RepositoryConfigurationDelegate - Bootstrapping Spring Data JPA repositories in DEFAULT mode.
18 Apr 2025 - 20:37:26.655 [main] INFO  o.s.d.r.c.RepositoryConfigurationDelegate - Finished Spring Data repository scanning in 101 ms. Found 6 JPA repository interfaces.
18 Apr 2025 - 20:37:27.385 [main] INFO  o.s.b.w.e.tomcat.TomcatWebServer - Tomcat initialized with port 8080 (http)
18 Apr 2025 - 20:37:27.399 [main] INFO  o.a.catalina.core.StandardService - Starting service [Tomcat]
18 Apr 2025 - 20:37:27.400 [main] INFO  o.a.catalina.core.StandardEngine - Starting Servlet engine: [Apache Tomcat/10.1.26]
18 Apr 2025 - 20:37:27.474 [main] INFO  o.a.c.c.C.[Tomcat].[localhost].[/] - Initializing Spring embedded WebApplicationContext
18 Apr 2025 - 20:37:27.475 [main] INFO  o.s.b.w.s.c.ServletWebServerApplicationContext - Root WebApplicationContext: initialization completed in 2104 ms
18 Apr 2025 - 20:37:27.676 [main] INFO  o.h.jpa.internal.util.LogHelper - HHH000204: Processing PersistenceUnitInfo [name: default]
18 Apr 2025 - 20:37:27.755 [main] INFO  org.hibernate.Version - HHH000412: Hibernate ORM core version 6.5.2.Final
18 Apr 2025 - 20:37:27.790 [main] INFO  o.h.c.i.RegionFactoryInitiator - HHH000026: Second-level cache disabled
18 Apr 2025 - 20:37:28.199 [main] INFO  o.s.o.j.p.SpringPersistenceUnitInfo - No LoadTimeWeaver setup: ignoring JPA class transformer
18 Apr 2025 - 20:37:28.228 [main] INFO  com.zaxxer.hikari.HikariDataSource - HikariPool-1 - Starting...
18 Apr 2025 - 20:37:28.444 [main] INFO  com.zaxxer.hikari.pool.HikariPool - HikariPool-1 - Added connection org.postgresql.jdbc.PgConnection@a120b9
18 Apr 2025 - 20:37:28.447 [main] INFO  com.zaxxer.hikari.HikariDataSource - HikariPool-1 - Start completed.
18 Apr 2025 - 20:37:29.684 [main] INFO  o.h.e.t.j.p.i.JtaPlatformInitiator - HHH000489: No JTA platform available (set 'hibernate.transaction.jta.platform' to enable JTA platform integration)
18 Apr 2025 - 20:37:29.819 [main] INFO  o.s.o.j.LocalContainerEntityManagerFactoryBean - Initialized JPA EntityManagerFactory for persistence unit 'default'
18 Apr 2025 - 20:37:30.060 [main] INFO  o.s.d.j.r.query.QueryEnhancerFactory - Hibernate is in classpath; If applicable, HQL parser will be used.
18 Apr 2025 - 20:37:30.976 [main] WARN  o.s.b.a.o.j.JpaBaseConfiguration$JpaWebConfiguration - spring.jpa.open-in-view is enabled by default. Therefore, database queries may be performed during view rendering. Explicitly configure spring.jpa.open-in-view to disable this warning
18 Apr 2025 - 20:37:31.010 [main] INFO  o.s.s.c.a.a.c.InitializeAuthenticationProviderBeanManagerConfigurer$InitializeAuthenticationProviderManagerConfigurer - Global AuthenticationManager configured with AuthenticationProvider bean with name authenticationProvider
18 Apr 2025 - 20:37:31.010 [main] WARN  o.s.s.c.a.a.c.InitializeUserDetailsBeanManagerConfigurer$InitializeUserDetailsManagerConfigurer - Global AuthenticationManager configured with an AuthenticationProvider bean. UserDetailsService beans will not be used for username/password login. Consider removing the AuthenticationProvider bean. Alternatively, consider using the UserDetailsService in a manually instantiated DaoAuthenticationProvider.
18 Apr 2025 - 20:37:31.781 [main] INFO  o.s.b.w.e.tomcat.TomcatWebServer - Tomcat started on port 8080 (http) with context path '/'
18 Apr 2025 - 20:37:31.801 [main] INFO  api.giybat.uz.Application - Started Application in 7.181 seconds (process running for 7.944)
18 Apr 2025 - 20:37:43.766 [SpringApplicationShutdownHook] INFO  o.s.o.j.LocalContainerEntityManagerFactoryBean - Closing JPA EntityManagerFactory for persistence unit 'default'
18 Apr 2025 - 20:37:43.768 [SpringApplicationShutdownHook] INFO  com.zaxxer.hikari.HikariDataSource - HikariPool-1 - Shutdown initiated...
18 Apr 2025 - 20:37:43.771 [SpringApplicationShutdownHook] INFO  com.zaxxer.hikari.HikariDataSource - HikariPool-1 - Shutdown completed.
18 Apr 2025 - 20:37:46.185 [main] INFO  api.giybat.uz.Application - Starting Application using Java 17.0.12 with PID 12452 (D:\JavaProject\Giybat_project\api.giybat.uz\target\classes started by Xojiakbar in D:\JavaProject\Giybat_project\api.giybat.uz)
18 Apr 2025 - 20:37:46.204 [main] INFO  api.giybat.uz.Application - The following 1 profile is active: "local"
18 Apr 2025 - 20:37:47.242 [main] INFO  o.s.d.r.c.RepositoryConfigurationDelegate - Bootstrapping Spring Data JPA repositories in DEFAULT mode.
18 Apr 2025 - 20:37:47.324 [main] INFO  o.s.d.r.c.RepositoryConfigurationDelegate - Finished Spring Data repository scanning in 69 ms. Found 6 JPA repository interfaces.
18 Apr 2025 - 20:37:47.867 [main] INFO  o.s.b.w.e.tomcat.TomcatWebServer - Tomcat initialized with port 8080 (http)
18 Apr 2025 - 20:37:47.883 [main] INFO  o.a.catalina.core.StandardService - Starting service [Tomcat]
18 Apr 2025 - 20:37:47.884 [main] INFO  o.a.catalina.core.StandardEngine - Starting Servlet engine: [Apache Tomcat/10.1.26]
18 Apr 2025 - 20:37:47.960 [main] INFO  o.a.c.c.C.[Tomcat].[localhost].[/] - Initializing Spring embedded WebApplicationContext
18 Apr 2025 - 20:37:47.961 [main] INFO  o.s.b.w.s.c.ServletWebServerApplicationContext - Root WebApplicationContext: initialization completed in 1701 ms
18 Apr 2025 - 20:37:48.087 [main] INFO  o.h.jpa.internal.util.LogHelper - HHH000204: Processing PersistenceUnitInfo [name: default]
18 Apr 2025 - 20:37:48.144 [main] INFO  org.hibernate.Version - HHH000412: Hibernate ORM core version 6.5.2.Final
18 Apr 2025 - 20:37:48.196 [main] INFO  o.h.c.i.RegionFactoryInitiator - HHH000026: Second-level cache disabled
18 Apr 2025 - 20:37:48.488 [main] INFO  o.s.o.j.p.SpringPersistenceUnitInfo - No LoadTimeWeaver setup: ignoring JPA class transformer
18 Apr 2025 - 20:37:48.512 [main] INFO  com.zaxxer.hikari.HikariDataSource - HikariPool-1 - Starting...
18 Apr 2025 - 20:37:48.710 [main] INFO  com.zaxxer.hikari.pool.HikariPool - HikariPool-1 - Added connection org.postgresql.jdbc.PgConnection@284c4f02
18 Apr 2025 - 20:37:48.712 [main] INFO  com.zaxxer.hikari.HikariDataSource - HikariPool-1 - Start completed.
18 Apr 2025 - 20:37:49.889 [main] INFO  o.h.e.t.j.p.i.JtaPlatformInitiator - HHH000489: No JTA platform available (set 'hibernate.transaction.jta.platform' to enable JTA platform integration)
18 Apr 2025 - 20:37:50.047 [main] INFO  o.s.o.j.LocalContainerEntityManagerFactoryBean - Initialized JPA EntityManagerFactory for persistence unit 'default'
18 Apr 2025 - 20:37:50.338 [main] INFO  o.s.d.j.r.query.QueryEnhancerFactory - Hibernate is in classpath; If applicable, HQL parser will be used.
18 Apr 2025 - 20:37:51.050 [main] WARN  o.s.b.a.o.j.JpaBaseConfiguration$JpaWebConfiguration - spring.jpa.open-in-view is enabled by default. Therefore, database queries may be performed during view rendering. Explicitly configure spring.jpa.open-in-view to disable this warning
18 Apr 2025 - 20:37:51.088 [main] INFO  o.s.s.c.a.a.c.InitializeAuthenticationProviderBeanManagerConfigurer$InitializeAuthenticationProviderManagerConfigurer - Global AuthenticationManager configured with AuthenticationProvider bean with name authenticationProvider
18 Apr 2025 - 20:37:51.089 [main] WARN  o.s.s.c.a.a.c.InitializeUserDetailsBeanManagerConfigurer$InitializeUserDetailsManagerConfigurer - Global AuthenticationManager configured with an AuthenticationProvider bean. UserDetailsService beans will not be used for username/password login. Consider removing the AuthenticationProvider bean. Alternatively, consider using the UserDetailsService in a manually instantiated DaoAuthenticationProvider.
18 Apr 2025 - 20:37:51.826 [main] INFO  o.s.b.w.e.tomcat.TomcatWebServer - Tomcat started on port 8080 (http) with context path '/'
18 Apr 2025 - 20:37:51.849 [main] INFO  api.giybat.uz.Application - Started Application in 6.128 seconds (process running for 6.764)
18 Apr 2025 - 20:37:57.153 [http-nio-8080-exec-1] INFO  o.a.c.c.C.[Tomcat].[localhost].[/] - Initializing Spring DispatcherServlet 'dispatcherServlet'
18 Apr 2025 - 20:37:57.153 [http-nio-8080-exec-1] INFO  o.s.web.servlet.DispatcherServlet - Initializing Servlet 'dispatcherServlet'
18 Apr 2025 - 20:37:57.155 [http-nio-8080-exec-1] INFO  o.s.web.servlet.DispatcherServlet - Completed initialization in 2 ms
18 Apr 2025 - 20:37:57.441 [http-nio-8080-exec-1] WARN  o.s.s.c.bcrypt.BCryptPasswordEncoder - Encoded password does not look like BCrypt
18 Apr 2025 - 20:38:56.695 [SpringApplicationShutdownHook] INFO  o.s.o.j.LocalContainerEntityManagerFactoryBean - Closing JPA EntityManagerFactory for persistence unit 'default'
18 Apr 2025 - 20:38:56.698 [SpringApplicationShutdownHook] INFO  com.zaxxer.hikari.HikariDataSource - HikariPool-1 - Shutdown initiated...
18 Apr 2025 - 20:38:56.704 [SpringApplicationShutdownHook] INFO  com.zaxxer.hikari.HikariDataSource - HikariPool-1 - Shutdown completed.
18 Apr 2025 - 20:39:02.618 [main] INFO  api.giybat.uz.Application - Starting Application using Java 17.0.12 with PID 14176 (D:\JavaProject\Giybat_project\api.giybat.uz\target\classes started by Xojiakbar in D:\JavaProject\Giybat_project\api.giybat.uz)
18 Apr 2025 - 20:39:02.634 [main] INFO  api.giybat.uz.Application - The following 1 profile is active: "local"
18 Apr 2025 - 20:39:03.724 [main] INFO  o.s.d.r.c.RepositoryConfigurationDelegate - Bootstrapping Spring Data JPA repositories in DEFAULT mode.
18 Apr 2025 - 20:39:03.837 [main] INFO  o.s.d.r.c.RepositoryConfigurationDelegate - Finished Spring Data repository scanning in 101 ms. Found 6 JPA repository interfaces.
18 Apr 2025 - 20:39:04.497 [main] INFO  o.s.b.w.e.tomcat.TomcatWebServer - Tomcat initialized with port 8080 (http)
18 Apr 2025 - 20:39:04.513 [main] INFO  o.a.catalina.core.StandardService - Starting service [Tomcat]
18 Apr 2025 - 20:39:04.514 [main] INFO  o.a.catalina.core.StandardEngine - Starting Servlet engine: [Apache Tomcat/10.1.26]
18 Apr 2025 - 20:39:04.607 [main] INFO  o.a.c.c.C.[Tomcat].[localhost].[/] - Initializing Spring embedded WebApplicationContext
18 Apr 2025 - 20:39:04.608 [main] INFO  o.s.b.w.s.c.ServletWebServerApplicationContext - Root WebApplicationContext: initialization completed in 1927 ms
18 Apr 2025 - 20:39:04.754 [main] INFO  o.h.jpa.internal.util.LogHelper - HHH000204: Processing PersistenceUnitInfo [name: default]
18 Apr 2025 - 20:39:04.826 [main] INFO  org.hibernate.Version - HHH000412: Hibernate ORM core version 6.5.2.Final
18 Apr 2025 - 20:39:04.878 [main] INFO  o.h.c.i.RegionFactoryInitiator - HHH000026: Second-level cache disabled
18 Apr 2025 - 20:39:05.221 [main] INFO  o.s.o.j.p.SpringPersistenceUnitInfo - No LoadTimeWeaver setup: ignoring JPA class transformer
18 Apr 2025 - 20:39:05.257 [main] INFO  com.zaxxer.hikari.HikariDataSource - HikariPool-1 - Starting...
18 Apr 2025 - 20:39:05.428 [main] INFO  com.zaxxer.hikari.pool.HikariPool - HikariPool-1 - Added connection org.postgresql.jdbc.PgConnection@69069866
18 Apr 2025 - 20:39:05.431 [main] INFO  com.zaxxer.hikari.HikariDataSource - HikariPool-1 - Start completed.
18 Apr 2025 - 20:39:06.798 [main] INFO  o.h.e.t.j.p.i.JtaPlatformInitiator - HHH000489: No JTA platform available (set 'hibernate.transaction.jta.platform' to enable JTA platform integration)
18 Apr 2025 - 20:39:06.979 [main] INFO  o.s.o.j.LocalContainerEntityManagerFactoryBean - Initialized JPA EntityManagerFactory for persistence unit 'default'
18 Apr 2025 - 20:39:07.327 [main] INFO  o.s.d.j.r.query.QueryEnhancerFactory - Hibernate is in classpath; If applicable, HQL parser will be used.
18 Apr 2025 - 20:39:08.081 [main] WARN  o.s.b.a.o.j.JpaBaseConfiguration$JpaWebConfiguration - spring.jpa.open-in-view is enabled by default. Therefore, database queries may be performed during view rendering. Explicitly configure spring.jpa.open-in-view to disable this warning
18 Apr 2025 - 20:39:08.114 [main] INFO  o.s.s.c.a.a.c.InitializeAuthenticationProviderBeanManagerConfigurer$InitializeAuthenticationProviderManagerConfigurer - Global AuthenticationManager configured with AuthenticationProvider bean with name authenticationProvider
18 Apr 2025 - 20:39:08.115 [main] WARN  o.s.s.c.a.a.c.InitializeUserDetailsBeanManagerConfigurer$InitializeUserDetailsManagerConfigurer - Global AuthenticationManager configured with an AuthenticationProvider bean. UserDetailsService beans will not be used for username/password login. Consider removing the AuthenticationProvider bean. Alternatively, consider using the UserDetailsService in a manually instantiated DaoAuthenticationProvider.
18 Apr 2025 - 20:39:08.764 [main] INFO  o.s.b.w.e.tomcat.TomcatWebServer - Tomcat started on port 8080 (http) with context path '/'
18 Apr 2025 - 20:39:08.785 [main] INFO  api.giybat.uz.Application - Started Application in 6.61 seconds (process running for 7.263)
18 Apr 2025 - 20:39:11.009 [http-nio-8080-exec-1] INFO  o.a.c.c.C.[Tomcat].[localhost].[/] - Initializing Spring DispatcherServlet 'dispatcherServlet'
18 Apr 2025 - 20:39:11.009 [http-nio-8080-exec-1] INFO  o.s.web.servlet.DispatcherServlet - Initializing Servlet 'dispatcherServlet'
18 Apr 2025 - 20:39:11.011 [http-nio-8080-exec-1] INFO  o.s.web.servlet.DispatcherServlet - Completed initialization in 1 ms
18 Apr 2025 - 20:39:11.263 [http-nio-8080-exec-1] WARN  o.s.s.c.bcrypt.BCryptPasswordEncoder - Encoded password does not look like BCrypt
18 Apr 2025 - 20:39:34.976 [SpringApplicationShutdownHook] INFO  o.s.o.j.LocalContainerEntityManagerFactoryBean - Closing JPA EntityManagerFactory for persistence unit 'default'
18 Apr 2025 - 20:39:34.978 [SpringApplicationShutdownHook] INFO  com.zaxxer.hikari.HikariDataSource - HikariPool-1 - Shutdown initiated...
18 Apr 2025 - 20:39:34.982 [SpringApplicationShutdownHook] INFO  com.zaxxer.hikari.HikariDataSource - HikariPool-1 - Shutdown completed.
18 Apr 2025 - 20:39:38.768 [main] INFO  api.giybat.uz.Application - Starting Application using Java 17.0.12 with PID 14592 (D:\JavaProject\Giybat_project\api.giybat.uz\target\classes started by Xojiakbar in D:\JavaProject\Giybat_project\api.giybat.uz)
18 Apr 2025 - 20:39:38.781 [main] INFO  api.giybat.uz.Application - The following 1 profile is active: "local"
18 Apr 2025 - 20:39:39.780 [main] INFO  o.s.d.r.c.RepositoryConfigurationDelegate - Bootstrapping Spring Data JPA repositories in DEFAULT mode.
18 Apr 2025 - 20:39:39.871 [main] INFO  o.s.d.r.c.RepositoryConfigurationDelegate - Finished Spring Data repository scanning in 80 ms. Found 6 JPA repository interfaces.
18 Apr 2025 - 20:39:40.438 [main] INFO  o.s.b.w.e.tomcat.TomcatWebServer - Tomcat initialized with port 8080 (http)
18 Apr 2025 - 20:39:40.454 [main] INFO  o.a.catalina.core.StandardService - Starting service [Tomcat]
18 Apr 2025 - 20:39:40.454 [main] INFO  o.a.catalina.core.StandardEngine - Starting Servlet engine: [Apache Tomcat/10.1.26]
18 Apr 2025 - 20:39:40.522 [main] INFO  o.a.c.c.C.[Tomcat].[localhost].[/] - Initializing Spring embedded WebApplicationContext
18 Apr 2025 - 20:39:40.522 [main] INFO  o.s.b.w.s.c.ServletWebServerApplicationContext - Root WebApplicationContext: initialization completed in 1681 ms
18 Apr 2025 - 20:39:40.705 [main] INFO  o.h.jpa.internal.util.LogHelper - HHH000204: Processing PersistenceUnitInfo [name: default]
18 Apr 2025 - 20:39:40.792 [main] INFO  org.hibernate.Version - HHH000412: Hibernate ORM core version 6.5.2.Final
18 Apr 2025 - 20:39:40.850 [main] INFO  o.h.c.i.RegionFactoryInitiator - HHH000026: Second-level cache disabled
18 Apr 2025 - 20:39:41.265 [main] INFO  o.s.o.j.p.SpringPersistenceUnitInfo - No LoadTimeWeaver setup: ignoring JPA class transformer
18 Apr 2025 - 20:39:41.299 [main] INFO  com.zaxxer.hikari.HikariDataSource - HikariPool-1 - Starting...
18 Apr 2025 - 20:39:41.483 [main] INFO  com.zaxxer.hikari.pool.HikariPool - HikariPool-1 - Added connection org.postgresql.jdbc.PgConnection@7b79ff1c
18 Apr 2025 - 20:39:41.485 [main] INFO  com.zaxxer.hikari.HikariDataSource - HikariPool-1 - Start completed.
18 Apr 2025 - 20:39:42.661 [main] INFO  o.h.e.t.j.p.i.JtaPlatformInitiator - HHH000489: No JTA platform available (set 'hibernate.transaction.jta.platform' to enable JTA platform integration)
18 Apr 2025 - 20:39:42.812 [main] INFO  o.s.o.j.LocalContainerEntityManagerFactoryBean - Initialized JPA EntityManagerFactory for persistence unit 'default'
18 Apr 2025 - 20:39:43.087 [main] INFO  o.s.d.j.r.query.QueryEnhancerFactory - Hibernate is in classpath; If applicable, HQL parser will be used.
18 Apr 2025 - 20:39:43.929 [main] WARN  o.s.b.a.o.j.JpaBaseConfiguration$JpaWebConfiguration - spring.jpa.open-in-view is enabled by default. Therefore, database queries may be performed during view rendering. Explicitly configure spring.jpa.open-in-view to disable this warning
18 Apr 2025 - 20:39:43.975 [main] INFO  o.s.s.c.a.a.c.InitializeAuthenticationProviderBeanManagerConfigurer$InitializeAuthenticationProviderManagerConfigurer - Global AuthenticationManager configured with AuthenticationProvider bean with name authenticationProvider
18 Apr 2025 - 20:39:43.977 [main] WARN  o.s.s.c.a.a.c.InitializeUserDetailsBeanManagerConfigurer$InitializeUserDetailsManagerConfigurer - Global AuthenticationManager configured with an AuthenticationProvider bean. UserDetailsService beans will not be used for username/password login. Consider removing the AuthenticationProvider bean. Alternatively, consider using the UserDetailsService in a manually instantiated DaoAuthenticationProvider.
18 Apr 2025 - 20:39:44.634 [main] INFO  o.s.b.w.e.tomcat.TomcatWebServer - Tomcat started on port 8080 (http) with context path '/'
18 Apr 2025 - 20:39:44.645 [main] INFO  api.giybat.uz.Application - Started Application in 6.34 seconds (process running for 7.037)
18 Apr 2025 - 20:39:51.255 [http-nio-8080-exec-1] INFO  o.a.c.c.C.[Tomcat].[localhost].[/] - Initializing Spring DispatcherServlet 'dispatcherServlet'
18 Apr 2025 - 20:39:51.255 [http-nio-8080-exec-1] INFO  o.s.web.servlet.DispatcherServlet - Initializing Servlet 'dispatcherServlet'
18 Apr 2025 - 20:39:51.257 [http-nio-8080-exec-1] INFO  o.s.web.servlet.DispatcherServlet - Completed initialization in 1 ms
18 Apr 2025 - 20:39:56.842 [SpringApplicationShutdownHook] INFO  o.s.o.j.LocalContainerEntityManagerFactoryBean - Closing JPA EntityManagerFactory for persistence unit 'default'
18 Apr 2025 - 20:39:56.845 [SpringApplicationShutdownHook] INFO  com.zaxxer.hikari.HikariDataSource - HikariPool-1 - Shutdown initiated...
18 Apr 2025 - 20:39:56.851 [SpringApplicationShutdownHook] INFO  com.zaxxer.hikari.HikariDataSource - HikariPool-1 - Shutdown completed.
18 Apr 2025 - 20:40:00.642 [main] INFO  api.giybat.uz.Application - Starting Application using Java 17.0.12 with PID 3188 (D:\JavaProject\Giybat_project\api.giybat.uz\target\classes started by Xojiakbar in D:\JavaProject\Giybat_project\api.giybat.uz)
18 Apr 2025 - 20:40:00.659 [main] INFO  api.giybat.uz.Application - The following 1 profile is active: "local"
18 Apr 2025 - 20:40:01.703 [main] INFO  o.s.d.r.c.RepositoryConfigurationDelegate - Bootstrapping Spring Data JPA repositories in DEFAULT mode.
18 Apr 2025 - 20:40:01.785 [main] INFO  o.s.d.r.c.RepositoryConfigurationDelegate - Finished Spring Data repository scanning in 71 ms. Found 6 JPA repository interfaces.
18 Apr 2025 - 20:40:02.315 [main] INFO  o.s.b.w.e.tomcat.TomcatWebServer - Tomcat initialized with port 8080 (http)
18 Apr 2025 - 20:40:02.326 [main] INFO  o.a.catalina.core.StandardService - Starting service [Tomcat]
18 Apr 2025 - 20:40:02.326 [main] INFO  o.a.catalina.core.StandardEngine - Starting Servlet engine: [Apache Tomcat/10.1.26]
18 Apr 2025 - 20:40:02.389 [main] INFO  o.a.c.c.C.[Tomcat].[localhost].[/] - Initializing Spring embedded WebApplicationContext
18 Apr 2025 - 20:40:02.389 [main] INFO  o.s.b.w.s.c.ServletWebServerApplicationContext - Root WebApplicationContext: initialization completed in 1672 ms
18 Apr 2025 - 20:40:02.505 [main] INFO  o.h.jpa.internal.util.LogHelper - HHH000204: Processing PersistenceUnitInfo [name: default]
18 Apr 2025 - 20:40:02.566 [main] INFO  org.hibernate.Version - HHH000412: Hibernate ORM core version 6.5.2.Final
18 Apr 2025 - 20:40:02.598 [main] INFO  o.h.c.i.RegionFactoryInitiator - HHH000026: Second-level cache disabled
18 Apr 2025 - 20:40:02.895 [main] INFO  o.s.o.j.p.SpringPersistenceUnitInfo - No LoadTimeWeaver setup: ignoring JPA class transformer
18 Apr 2025 - 20:40:02.921 [main] INFO  com.zaxxer.hikari.HikariDataSource - HikariPool-1 - Starting...
18 Apr 2025 - 20:40:03.084 [main] INFO  com.zaxxer.hikari.pool.HikariPool - HikariPool-1 - Added connection org.postgresql.jdbc.PgConnection@67f591c2
18 Apr 2025 - 20:40:03.085 [main] INFO  com.zaxxer.hikari.HikariDataSource - HikariPool-1 - Start completed.
18 Apr 2025 - 20:40:04.253 [main] INFO  o.h.e.t.j.p.i.JtaPlatformInitiator - HHH000489: No JTA platform available (set 'hibernate.transaction.jta.platform' to enable JTA platform integration)
18 Apr 2025 - 20:40:04.425 [main] INFO  o.s.o.j.LocalContainerEntityManagerFactoryBean - Initialized JPA EntityManagerFactory for persistence unit 'default'
18 Apr 2025 - 20:40:04.712 [main] INFO  o.s.d.j.r.query.QueryEnhancerFactory - Hibernate is in classpath; If applicable, HQL parser will be used.
18 Apr 2025 - 20:40:05.465 [main] WARN  o.s.b.a.o.j.JpaBaseConfiguration$JpaWebConfiguration - spring.jpa.open-in-view is enabled by default. Therefore, database queries may be performed during view rendering. Explicitly configure spring.jpa.open-in-view to disable this warning
18 Apr 2025 - 20:40:05.491 [main] INFO  o.s.s.c.a.a.c.InitializeAuthenticationProviderBeanManagerConfigurer$InitializeAuthenticationProviderManagerConfigurer - Global AuthenticationManager configured with AuthenticationProvider bean with name authenticationProvider
18 Apr 2025 - 20:40:05.492 [main] WARN  o.s.s.c.a.a.c.InitializeUserDetailsBeanManagerConfigurer$InitializeUserDetailsManagerConfigurer - Global AuthenticationManager configured with an AuthenticationProvider bean. UserDetailsService beans will not be used for username/password login. Consider removing the AuthenticationProvider bean. Alternatively, consider using the UserDetailsService in a manually instantiated DaoAuthenticationProvider.
18 Apr 2025 - 20:40:06.174 [main] INFO  o.s.b.w.e.tomcat.TomcatWebServer - Tomcat started on port 8080 (http) with context path '/'
18 Apr 2025 - 20:40:06.193 [main] INFO  api.giybat.uz.Application - Started Application in 6.063 seconds (process running for 6.69)
18 Apr 2025 - 20:40:30.692 [SpringApplicationShutdownHook] INFO  o.s.o.j.LocalContainerEntityManagerFactoryBean - Closing JPA EntityManagerFactory for persistence unit 'default'
18 Apr 2025 - 20:40:30.694 [SpringApplicationShutdownHook] INFO  com.zaxxer.hikari.HikariDataSource - HikariPool-1 - Shutdown initiated...
18 Apr 2025 - 20:40:30.698 [SpringApplicationShutdownHook] INFO  com.zaxxer.hikari.HikariDataSource - HikariPool-1 - Shutdown completed.
18 Apr 2025 - 20:40:36.486 [main] INFO  api.giybat.uz.Application - Starting Application using Java 17.0.12 with PID 16964 (D:\JavaProject\Giybat_project\api.giybat.uz\target\classes started by Xojiakbar in D:\JavaProject\Giybat_project\api.giybat.uz)
18 Apr 2025 - 20:40:36.500 [main] INFO  api.giybat.uz.Application - The following 1 profile is active: "local"
18 Apr 2025 - 20:40:37.527 [main] INFO  o.s.d.r.c.RepositoryConfigurationDelegate - Bootstrapping Spring Data JPA repositories in DEFAULT mode.
18 Apr 2025 - 20:40:37.665 [main] INFO  o.s.d.r.c.RepositoryConfigurationDelegate - Finished Spring Data repository scanning in 124 ms. Found 6 JPA repository interfaces.
18 Apr 2025 - 20:40:38.339 [main] INFO  o.s.b.w.e.tomcat.TomcatWebServer - Tomcat initialized with port 8080 (http)
18 Apr 2025 - 20:40:38.354 [main] INFO  o.a.catalina.core.StandardService - Starting service [Tomcat]
18 Apr 2025 - 20:40:38.355 [main] INFO  o.a.catalina.core.StandardEngine - Starting Servlet engine: [Apache Tomcat/10.1.26]
18 Apr 2025 - 20:40:38.438 [main] INFO  o.a.c.c.C.[Tomcat].[localhost].[/] - Initializing Spring embedded WebApplicationContext
18 Apr 2025 - 20:40:38.439 [main] INFO  o.s.b.w.s.c.ServletWebServerApplicationContext - Root WebApplicationContext: initialization completed in 1873 ms
18 Apr 2025 - 20:40:38.602 [main] INFO  o.h.jpa.internal.util.LogHelper - HHH000204: Processing PersistenceUnitInfo [name: default]
18 Apr 2025 - 20:40:38.653 [main] INFO  org.hibernate.Version - HHH000412: Hibernate ORM core version 6.5.2.Final
18 Apr 2025 - 20:40:38.681 [main] INFO  o.h.c.i.RegionFactoryInitiator - HHH000026: Second-level cache disabled
18 Apr 2025 - 20:40:38.974 [main] INFO  o.s.o.j.p.SpringPersistenceUnitInfo - No LoadTimeWeaver setup: ignoring JPA class transformer
18 Apr 2025 - 20:40:38.999 [main] INFO  com.zaxxer.hikari.HikariDataSource - HikariPool-1 - Starting...
18 Apr 2025 - 20:40:39.186 [main] INFO  com.zaxxer.hikari.pool.HikariPool - HikariPool-1 - Added connection org.postgresql.jdbc.PgConnection@1b8d20e6
18 Apr 2025 - 20:40:39.189 [main] INFO  com.zaxxer.hikari.HikariDataSource - HikariPool-1 - Start completed.
18 Apr 2025 - 20:40:40.421 [main] INFO  o.h.e.t.j.p.i.JtaPlatformInitiator - HHH000489: No JTA platform available (set 'hibernate.transaction.jta.platform' to enable JTA platform integration)
18 Apr 2025 - 20:40:40.579 [main] INFO  o.s.o.j.LocalContainerEntityManagerFactoryBean - Initialized JPA EntityManagerFactory for persistence unit 'default'
18 Apr 2025 - 20:40:40.816 [main] INFO  o.s.d.j.r.query.QueryEnhancerFactory - Hibernate is in classpath; If applicable, HQL parser will be used.
18 Apr 2025 - 20:40:41.677 [main] WARN  o.s.b.a.o.j.JpaBaseConfiguration$JpaWebConfiguration - spring.jpa.open-in-view is enabled by default. Therefore, database queries may be performed during view rendering. Explicitly configure spring.jpa.open-in-view to disable this warning
18 Apr 2025 - 20:40:41.714 [main] INFO  o.s.s.c.a.a.c.InitializeAuthenticationProviderBeanManagerConfigurer$InitializeAuthenticationProviderManagerConfigurer - Global AuthenticationManager configured with AuthenticationProvider bean with name authenticationProvider
18 Apr 2025 - 20:40:41.715 [main] WARN  o.s.s.c.a.a.c.InitializeUserDetailsBeanManagerConfigurer$InitializeUserDetailsManagerConfigurer - Global AuthenticationManager configured with an AuthenticationProvider bean. UserDetailsService beans will not be used for username/password login. Consider removing the AuthenticationProvider bean. Alternatively, consider using the UserDetailsService in a manually instantiated DaoAuthenticationProvider.
18 Apr 2025 - 20:40:42.448 [main] INFO  o.s.b.w.e.tomcat.TomcatWebServer - Tomcat started on port 8080 (http) with context path '/'
18 Apr 2025 - 20:40:42.462 [main] INFO  api.giybat.uz.Application - Started Application in 6.393 seconds (process running for 7.009)
18 Apr 2025 - 20:41:05.379 [SpringApplicationShutdownHook] INFO  o.s.o.j.LocalContainerEntityManagerFactoryBean - Closing JPA EntityManagerFactory for persistence unit 'default'
18 Apr 2025 - 20:41:05.381 [SpringApplicationShutdownHook] INFO  com.zaxxer.hikari.HikariDataSource - HikariPool-1 - Shutdown initiated...
18 Apr 2025 - 20:41:05.387 [SpringApplicationShutdownHook] INFO  com.zaxxer.hikari.HikariDataSource - HikariPool-1 - Shutdown completed.
18 Apr 2025 - 20:41:07.981 [main] INFO  api.giybat.uz.Application - Starting Application using Java 17.0.12 with PID 16768 (D:\JavaProject\Giybat_project\api.giybat.uz\target\classes started by Xojiakbar in D:\JavaProject\Giybat_project\api.giybat.uz)
18 Apr 2025 - 20:41:07.998 [main] INFO  api.giybat.uz.Application - The following 1 profile is active: "local"
18 Apr 2025 - 20:41:08.948 [main] INFO  o.s.d.r.c.RepositoryConfigurationDelegate - Bootstrapping Spring Data JPA repositories in DEFAULT mode.
18 Apr 2025 - 20:41:09.031 [main] INFO  o.s.d.r.c.RepositoryConfigurationDelegate - Finished Spring Data repository scanning in 73 ms. Found 6 JPA repository interfaces.
18 Apr 2025 - 20:41:09.557 [main] INFO  o.s.b.w.e.tomcat.TomcatWebServer - Tomcat initialized with port 8080 (http)
18 Apr 2025 - 20:41:09.569 [main] INFO  o.a.catalina.core.StandardService - Starting service [Tomcat]
18 Apr 2025 - 20:41:09.569 [main] INFO  o.a.catalina.core.StandardEngine - Starting Servlet engine: [Apache Tomcat/10.1.26]
18 Apr 2025 - 20:41:09.633 [main] INFO  o.a.c.c.C.[Tomcat].[localhost].[/] - Initializing Spring embedded WebApplicationContext
18 Apr 2025 - 20:41:09.634 [main] INFO  o.s.b.w.s.c.ServletWebServerApplicationContext - Root WebApplicationContext: initialization completed in 1585 ms
18 Apr 2025 - 20:41:09.751 [main] INFO  o.h.jpa.internal.util.LogHelper - HHH000204: Processing PersistenceUnitInfo [name: default]
18 Apr 2025 - 20:41:09.809 [main] INFO  org.hibernate.Version - HHH000412: Hibernate ORM core version 6.5.2.Final
18 Apr 2025 - 20:41:09.841 [main] INFO  o.h.c.i.RegionFactoryInitiator - HHH000026: Second-level cache disabled
18 Apr 2025 - 20:41:10.122 [main] INFO  o.s.o.j.p.SpringPersistenceUnitInfo - No LoadTimeWeaver setup: ignoring JPA class transformer
18 Apr 2025 - 20:41:10.147 [main] INFO  com.zaxxer.hikari.HikariDataSource - HikariPool-1 - Starting...
18 Apr 2025 - 20:41:10.310 [main] INFO  com.zaxxer.hikari.pool.HikariPool - HikariPool-1 - Added connection org.postgresql.jdbc.PgConnection@71b3ba5a
18 Apr 2025 - 20:41:10.312 [main] INFO  com.zaxxer.hikari.HikariDataSource - HikariPool-1 - Start completed.
18 Apr 2025 - 20:41:11.603 [main] INFO  o.h.e.t.j.p.i.JtaPlatformInitiator - HHH000489: No JTA platform available (set 'hibernate.transaction.jta.platform' to enable JTA platform integration)
18 Apr 2025 - 20:41:11.784 [main] INFO  o.s.o.j.LocalContainerEntityManagerFactoryBean - Initialized JPA EntityManagerFactory for persistence unit 'default'
18 Apr 2025 - 20:41:12.040 [main] INFO  o.s.d.j.r.query.QueryEnhancerFactory - Hibernate is in classpath; If applicable, HQL parser will be used.
18 Apr 2025 - 20:41:12.899 [main] WARN  o.s.b.a.o.j.JpaBaseConfiguration$JpaWebConfiguration - spring.jpa.open-in-view is enabled by default. Therefore, database queries may be performed during view rendering. Explicitly configure spring.jpa.open-in-view to disable this warning
18 Apr 2025 - 20:41:12.928 [main] INFO  o.s.s.c.a.a.c.InitializeAuthenticationProviderBeanManagerConfigurer$InitializeAuthenticationProviderManagerConfigurer - Global AuthenticationManager configured with AuthenticationProvider bean with name authenticationProvider
18 Apr 2025 - 20:41:12.929 [main] WARN  o.s.s.c.a.a.c.InitializeUserDetailsBeanManagerConfigurer$InitializeUserDetailsManagerConfigurer - Global AuthenticationManager configured with an AuthenticationProvider bean. UserDetailsService beans will not be used for username/password login. Consider removing the AuthenticationProvider bean. Alternatively, consider using the UserDetailsService in a manually instantiated DaoAuthenticationProvider.
18 Apr 2025 - 20:41:13.606 [main] INFO  o.s.b.w.e.tomcat.TomcatWebServer - Tomcat started on port 8080 (http) with context path '/'
18 Apr 2025 - 20:41:13.624 [main] INFO  api.giybat.uz.Application - Started Application in 6.173 seconds (process running for 6.856)
18 Apr 2025 - 20:41:24.676 [http-nio-8080-exec-1] INFO  o.a.c.c.C.[Tomcat].[localhost].[/] - Initializing Spring DispatcherServlet 'dispatcherServlet'
18 Apr 2025 - 20:41:24.676 [http-nio-8080-exec-1] INFO  o.s.web.servlet.DispatcherServlet - Initializing Servlet 'dispatcherServlet'
18 Apr 2025 - 20:41:24.678 [http-nio-8080-exec-1] INFO  o.s.web.servlet.DispatcherServlet - Completed initialization in 1 ms
18 Apr 2025 - 20:51:43.219 [HikariPool-1 housekeeper] WARN  com.zaxxer.hikari.pool.HikariPool - HikariPool-1 - Thread starvation or clock leap detected (housekeeper delta=2m2s660ms790s500ns).
18 Apr 2025 - 20:54:32.119 [SpringApplicationShutdownHook] INFO  o.s.o.j.LocalContainerEntityManagerFactoryBean - Closing JPA EntityManagerFactory for persistence unit 'default'
18 Apr 2025 - 20:54:32.122 [SpringApplicationShutdownHook] INFO  com.zaxxer.hikari.HikariDataSource - HikariPool-1 - Shutdown initiated...
18 Apr 2025 - 20:54:32.126 [SpringApplicationShutdownHook] INFO  com.zaxxer.hikari.HikariDataSource - HikariPool-1 - Shutdown completed.
18 Apr 2025 - 20:54:35.820 [main] INFO  api.giybat.uz.Application - Starting Application using Java 17.0.12 with PID 17816 (D:\JavaProject\Giybat_project\api.giybat.uz\target\classes started by Xojiakbar in D:\JavaProject\Giybat_project\api.giybat.uz)
18 Apr 2025 - 20:54:35.835 [main] INFO  api.giybat.uz.Application - The following 1 profile is active: "local"
18 Apr 2025 - 20:54:36.877 [main] INFO  o.s.d.r.c.RepositoryConfigurationDelegate - Bootstrapping Spring Data JPA repositories in DEFAULT mode.
18 Apr 2025 - 20:54:36.959 [main] INFO  o.s.d.r.c.RepositoryConfigurationDelegate - Finished Spring Data repository scanning in 71 ms. Found 6 JPA repository interfaces.
18 Apr 2025 - 20:54:37.521 [main] INFO  o.s.b.w.e.tomcat.TomcatWebServer - Tomcat initialized with port 8080 (http)
18 Apr 2025 - 20:54:37.533 [main] INFO  o.a.catalina.core.StandardService - Starting service [Tomcat]
18 Apr 2025 - 20:54:37.534 [main] INFO  o.a.catalina.core.StandardEngine - Starting Servlet engine: [Apache Tomcat/10.1.26]
18 Apr 2025 - 20:54:37.603 [main] INFO  o.a.c.c.C.[Tomcat].[localhost].[/] - Initializing Spring embedded WebApplicationContext
18 Apr 2025 - 20:54:37.604 [main] INFO  o.s.b.w.s.c.ServletWebServerApplicationContext - Root WebApplicationContext: initialization completed in 1723 ms
18 Apr 2025 - 20:54:37.721 [main] INFO  o.h.jpa.internal.util.LogHelper - HHH000204: Processing PersistenceUnitInfo [name: default]
18 Apr 2025 - 20:54:37.782 [main] INFO  org.hibernate.Version - HHH000412: Hibernate ORM core version 6.5.2.Final
18 Apr 2025 - 20:54:37.816 [main] INFO  o.h.c.i.RegionFactoryInitiator - HHH000026: Second-level cache disabled
18 Apr 2025 - 20:54:38.108 [main] INFO  o.s.o.j.p.SpringPersistenceUnitInfo - No LoadTimeWeaver setup: ignoring JPA class transformer
18 Apr 2025 - 20:54:38.132 [main] INFO  com.zaxxer.hikari.HikariDataSource - HikariPool-1 - Starting...
18 Apr 2025 - 20:54:38.291 [main] INFO  com.zaxxer.hikari.pool.HikariPool - HikariPool-1 - Added connection org.postgresql.jdbc.PgConnection@709d6de5
18 Apr 2025 - 20:54:38.294 [main] INFO  com.zaxxer.hikari.HikariDataSource - HikariPool-1 - Start completed.
18 Apr 2025 - 20:54:39.493 [main] INFO  o.h.e.t.j.p.i.JtaPlatformInitiator - HHH000489: No JTA platform available (set 'hibernate.transaction.jta.platform' to enable JTA platform integration)
18 Apr 2025 - 20:54:39.696 [main] INFO  o.s.o.j.LocalContainerEntityManagerFactoryBean - Initialized JPA EntityManagerFactory for persistence unit 'default'
18 Apr 2025 - 20:54:40.006 [main] INFO  o.s.d.j.r.query.QueryEnhancerFactory - Hibernate is in classpath; If applicable, HQL parser will be used.
18 Apr 2025 - 20:54:40.850 [main] WARN  o.s.b.a.o.j.JpaBaseConfiguration$JpaWebConfiguration - spring.jpa.open-in-view is enabled by default. Therefore, database queries may be performed during view rendering. Explicitly configure spring.jpa.open-in-view to disable this warning
18 Apr 2025 - 20:54:40.890 [main] INFO  o.s.s.c.a.a.c.InitializeAuthenticationProviderBeanManagerConfigurer$InitializeAuthenticationProviderManagerConfigurer - Global AuthenticationManager configured with AuthenticationProvider bean with name authenticationProvider
18 Apr 2025 - 20:54:40.891 [main] WARN  o.s.s.c.a.a.c.InitializeUserDetailsBeanManagerConfigurer$InitializeUserDetailsManagerConfigurer - Global AuthenticationManager configured with an AuthenticationProvider bean. UserDetailsService beans will not be used for username/password login. Consider removing the AuthenticationProvider bean. Alternatively, consider using the UserDetailsService in a manually instantiated DaoAuthenticationProvider.
18 Apr 2025 - 20:54:41.609 [main] INFO  o.s.b.w.e.tomcat.TomcatWebServer - Tomcat started on port 8080 (http) with context path '/'
18 Apr 2025 - 20:54:41.622 [main] INFO  api.giybat.uz.Application - Started Application in 6.245 seconds (process running for 6.887)
18 Apr 2025 - 20:54:58.448 [http-nio-8080-exec-1] INFO  o.a.c.c.C.[Tomcat].[localhost].[/] - Initializing Spring DispatcherServlet 'dispatcherServlet'
18 Apr 2025 - 20:54:58.449 [http-nio-8080-exec-1] INFO  o.s.web.servlet.DispatcherServlet - Initializing Servlet 'dispatcherServlet'
18 Apr 2025 - 20:54:58.452 [http-nio-8080-exec-1] INFO  o.s.web.servlet.DispatcherServlet - Completed initialization in 3 ms
18 Apr 2025 - 20:56:43.745 [SpringApplicationShutdownHook] INFO  o.s.o.j.LocalContainerEntityManagerFactoryBean - Closing JPA EntityManagerFactory for persistence unit 'default'
18 Apr 2025 - 20:56:43.748 [SpringApplicationShutdownHook] INFO  com.zaxxer.hikari.HikariDataSource - HikariPool-1 - Shutdown initiated...
18 Apr 2025 - 20:56:43.751 [SpringApplicationShutdownHook] INFO  com.zaxxer.hikari.HikariDataSource - HikariPool-1 - Shutdown completed.
18 Apr 2025 - 20:56:50.763 [main] INFO  api.giybat.uz.Application - Starting Application using Java 17.0.12 with PID 16664 (D:\JavaProject\Giybat_project\api.giybat.uz\target\classes started by Xojiakbar in D:\JavaProject\Giybat_project\api.giybat.uz)
18 Apr 2025 - 20:56:50.777 [main] INFO  api.giybat.uz.Application - The following 1 profile is active: "local"
18 Apr 2025 - 20:56:52.132 [main] INFO  o.s.d.r.c.RepositoryConfigurationDelegate - Bootstrapping Spring Data JPA repositories in DEFAULT mode.
18 Apr 2025 - 20:56:52.286 [main] INFO  o.s.d.r.c.RepositoryConfigurationDelegate - Finished Spring Data repository scanning in 134 ms. Found 6 JPA repository interfaces.
18 Apr 2025 - 20:56:53.097 [main] INFO  o.s.b.w.e.tomcat.TomcatWebServer - Tomcat initialized with port 8080 (http)
18 Apr 2025 - 20:56:53.110 [main] INFO  o.a.catalina.core.StandardService - Starting service [Tomcat]
18 Apr 2025 - 20:56:53.110 [main] INFO  o.a.catalina.core.StandardEngine - Starting Servlet engine: [Apache Tomcat/10.1.26]
18 Apr 2025 - 20:56:53.235 [main] INFO  o.a.c.c.C.[Tomcat].[localhost].[/] - Initializing Spring embedded WebApplicationContext
18 Apr 2025 - 20:56:53.236 [main] INFO  o.s.b.w.s.c.ServletWebServerApplicationContext - Root WebApplicationContext: initialization completed in 2409 ms
18 Apr 2025 - 20:56:53.423 [main] INFO  o.h.jpa.internal.util.LogHelper - HHH000204: Processing PersistenceUnitInfo [name: default]
18 Apr 2025 - 20:56:53.481 [main] INFO  org.hibernate.Version - HHH000412: Hibernate ORM core version 6.5.2.Final
18 Apr 2025 - 20:56:53.520 [main] INFO  o.h.c.i.RegionFactoryInitiator - HHH000026: Second-level cache disabled
18 Apr 2025 - 20:56:53.847 [main] INFO  o.s.o.j.p.SpringPersistenceUnitInfo - No LoadTimeWeaver setup: ignoring JPA class transformer
18 Apr 2025 - 20:56:53.876 [main] INFO  com.zaxxer.hikari.HikariDataSource - HikariPool-1 - Starting...
18 Apr 2025 - 20:56:54.080 [main] INFO  com.zaxxer.hikari.pool.HikariPool - HikariPool-1 - Added connection org.postgresql.jdbc.PgConnection@71b3ba5a
18 Apr 2025 - 20:56:54.082 [main] INFO  com.zaxxer.hikari.HikariDataSource - HikariPool-1 - Start completed.
18 Apr 2025 - 20:56:55.540 [main] INFO  o.h.e.t.j.p.i.JtaPlatformInitiator - HHH000489: No JTA platform available (set 'hibernate.transaction.jta.platform' to enable JTA platform integration)
18 Apr 2025 - 20:56:55.736 [main] INFO  o.s.o.j.LocalContainerEntityManagerFactoryBean - Initialized JPA EntityManagerFactory for persistence unit 'default'
18 Apr 2025 - 20:56:55.931 [main] INFO  o.s.d.j.r.query.QueryEnhancerFactory - Hibernate is in classpath; If applicable, HQL parser will be used.
18 Apr 2025 - 20:56:56.915 [main] WARN  o.s.b.a.o.j.JpaBaseConfiguration$JpaWebConfiguration - spring.jpa.open-in-view is enabled by default. Therefore, database queries may be performed during view rendering. Explicitly configure spring.jpa.open-in-view to disable this warning
18 Apr 2025 - 20:56:56.962 [main] INFO  o.s.s.c.a.a.c.InitializeAuthenticationProviderBeanManagerConfigurer$InitializeAuthenticationProviderManagerConfigurer - Global AuthenticationManager configured with AuthenticationProvider bean with name authenticationProvider
18 Apr 2025 - 20:56:56.964 [main] WARN  o.s.s.c.a.a.c.InitializeUserDetailsBeanManagerConfigurer$InitializeUserDetailsManagerConfigurer - Global AuthenticationManager configured with an AuthenticationProvider bean. UserDetailsService beans will not be used for username/password login. Consider removing the AuthenticationProvider bean. Alternatively, consider using the UserDetailsService in a manually instantiated DaoAuthenticationProvider.
18 Apr 2025 - 20:56:57.751 [main] INFO  o.s.b.w.e.tomcat.TomcatWebServer - Tomcat started on port 8080 (http) with context path '/'
18 Apr 2025 - 20:56:57.770 [main] INFO  api.giybat.uz.Application - Started Application in 7.471 seconds (process running for 8.187)
18 Apr 2025 - 20:57:03.503 [SpringApplicationShutdownHook] INFO  o.s.o.j.LocalContainerEntityManagerFactoryBean - Closing JPA EntityManagerFactory for persistence unit 'default'
18 Apr 2025 - 20:57:03.505 [SpringApplicationShutdownHook] INFO  com.zaxxer.hikari.HikariDataSource - HikariPool-1 - Shutdown initiated...
18 Apr 2025 - 20:57:03.511 [SpringApplicationShutdownHook] INFO  com.zaxxer.hikari.HikariDataSource - HikariPool-1 - Shutdown completed.
